[2024-07-29 23:19:39.259] [  5580] [388C] ===================================
[2024-07-29 23:19:39.260] [  5580] [388C] Browser process opened from pid: 18452
[2024-07-29 23:19:39.261] [  5580] [388C] Language: es
[2024-07-29 23:19:39.261] [  5580] [388C] Connecting to IPC channel: rgsc_ipc_4814_channel_0
[2024-07-29 23:19:39.262] [  5580] [388C] Product version: RockstarGames/2.3.3.1/1.0.3274.0/gta5/Epic
[2024-07-29 23:19:39.331] [  5580] [388C] OnChannelConnected - rgsc_ipc_4814_channel_0 (remoteProcessId 18452)
[2024-07-29 23:19:41.695] [  5580] [388C] Renderer[1][13256] IPC Channel Response: 13256 -> rgsc_ipc_4814_channel_1
[2024-07-29 23:19:41.697] [  5580] [388C] Renderer[1][13256] Connecting to IPC channel: rgsc_ipc_4814_channel_1
[2024-07-29 23:19:41.725] [  5580] [388C] Renderer[1][13256] OnChannelConnected - rgsc_ipc_4814_channel_1 (remoteProcessId 18452)
[2024-07-29 23:19:51.285] [  5580] [388C] OnChannelError() - rgsc_ipc_4814_channel_0
[2024-07-29 23:19:51.286] [  5580] [388C] Shutdown requested
[2024-07-29 23:19:51.287] [  5580] [388C] Renderer[1][13256] OnChannelError() - rgsc_ipc_4814_channel_1
[2024-07-29 23:19:56.299] [  5580] [388C] Timed out waiting for windows to close on shutdown
[2024-07-29 23:19:56.314] [  5580] [388C] MainMessageLoopInternalPump - Preparing to shutdown
[2024-07-29 23:19:59.429] [  5580] [388C] MainMessageLoopInternalPump - Shutdown
[2024-07-29 23:22:31.210] [  7208] [3FD4] ===================================
[2024-07-29 23:22:31.211] [  7208] [3FD4] Browser process opened from pid: 18840
[2024-07-29 23:22:31.216] [  7208] [3FD4] Language: es
[2024-07-29 23:22:31.222] [  7208] [3FD4] Connecting to IPC channel: rgsc_ipc_4998_channel_0
[2024-07-29 23:22:31.223] [  7208] [3FD4] Product version: RockstarGames/2.3.3.1/1.0.3274.0/gta5/Epic
[2024-07-29 23:22:31.288] [  7208] [3FD4] OnChannelConnected - rgsc_ipc_4998_channel_0 (remoteProcessId 18840)
[2024-07-29 23:22:32.786] [  7208] [3FD4] Renderer[1][13156] IPC Channel Response: 13156 -> rgsc_ipc_4998_channel_1
[2024-07-29 23:22:32.787] [  7208] [3FD4] Renderer[1][13156] Connecting to IPC channel: rgsc_ipc_4998_channel_1
[2024-07-29 23:22:32.865] [  7208] [3FD4] Renderer[1][13156] OnChannelConnected - rgsc_ipc_4998_channel_1 (remoteProcessId 18840)
[2024-07-30 04:02:45.834] [  7208] [3FD4] OnChannelError() - rgsc_ipc_4998_channel_0
[2024-07-30 04:02:45.835] [  7208] [3FD4] Shutdown requested
[2024-07-30 04:02:50.843] [  7208] [3FD4] Timed out waiting for windows to close on shutdown
[2024-07-30 04:02:50.859] [  7208] [3FD4] MainMessageLoopInternalPump - Preparing to shutdown
[2024-07-30 04:02:53.967] [  7208] [3FD4] MainMessageLoopInternalPump - Shutdown
[2024-07-31 00:39:59.030] [ 12344] [42EC] ===================================
[2024-07-31 00:39:59.036] [ 12344] [42EC] Browser process opened from pid: 8860
[2024-07-31 00:39:59.042] [ 12344] [42EC] Language: es
[2024-07-31 00:39:59.043] [ 12344] [42EC] Connecting to IPC channel: rgsc_ipc_229c_channel_0
[2024-07-31 00:39:59.045] [ 12344] [42EC] Product version: RockstarGames/2.3.3.1/1.0.3274.0/gta5/Epic
[2024-07-31 00:39:59.126] [ 12344] [42EC] OnChannelConnected - rgsc_ipc_229c_channel_0 (remoteProcessId 8860)
[2024-07-31 00:40:01.375] [ 12344] [42EC] Renderer[1][19560] IPC Channel Response: 19560 -> rgsc_ipc_229c_channel_1
[2024-07-31 00:40:01.377] [ 12344] [42EC] Renderer[1][19560] Connecting to IPC channel: rgsc_ipc_229c_channel_1
[2024-07-31 00:40:01.437] [ 12344] [42EC] Renderer[1][19560] OnChannelConnected - rgsc_ipc_229c_channel_1 (remoteProcessId 8860)
[2024-07-31 01:00:07.050] [ 12344] [42EC] OnChannelError() - rgsc_ipc_229c_channel_0
[2024-07-31 01:00:07.052] [ 12344] [42EC] Shutdown requested
[2024-07-31 01:03:21.172] [ 14064] [ BD0] ===================================
[2024-07-31 01:03:21.176] [ 14064] [ BD0] Browser process opened from pid: 7140
[2024-07-31 01:03:21.181] [ 14064] [ BD0] Language: es
[2024-07-31 01:03:21.182] [ 14064] [ BD0] Connecting to IPC channel: rgsc_ipc_1be4_channel_0
[2024-07-31 01:03:21.183] [ 14064] [ BD0] Product version: RockstarGames/2.3.3.1/1.0.3274.0/gta5/Epic
[2024-07-31 01:03:21.239] [ 14064] [ BD0] OnChannelConnected - rgsc_ipc_1be4_channel_0 (remoteProcessId 7140)
[2024-07-31 01:03:22.812] [ 14064] [ BD0] Renderer[1][17916] IPC Channel Response: 17916 -> rgsc_ipc_1be4_channel_1
[2024-07-31 01:03:22.812] [ 14064] [ BD0] Renderer[1][17916] Connecting to IPC channel: rgsc_ipc_1be4_channel_1
[2024-07-31 01:03:22.921] [ 14064] [ BD0] Renderer[1][17916] OnChannelConnected - rgsc_ipc_1be4_channel_1 (remoteProcessId 7140)
[2024-07-31 03:45:25.675] [ 14064] [ BD0] OnChannelError() - rgsc_ipc_1be4_channel_0
[2024-07-31 03:45:25.676] [ 14064] [ BD0] Shutdown requested
[2024-07-31 03:45:30.682] [ 14064] [ BD0] Timed out waiting for windows to close on shutdown
[2024-07-31 03:45:30.698] [ 14064] [ BD0] MainMessageLoopInternalPump - Preparing to shutdown
[2024-07-31 03:45:33.857] [ 14064] [ BD0] MainMessageLoopInternalPump - Shutdown
