[2024-07-31 01:02:52.885] [DISPLAY] [Main ] [sysinfo] OS Version: Major: 10 Minor: 0 Build: 22631 Service Pack: 
[2024-07-31 01:02:52.916] [DISPLAY] [Main ] [launcher] Opening log file.
[2024-07-31 01:02:52.921] [WARNING] [Main ] [launcher] Unable to move log file, waiting and trying again...
[2024-07-31 01:02:53.423] [WARNING] [Main ] [launcher] Unable to move log file, waiting and trying again...
[2024-07-31 01:02:53.923] [WARNING] [Main ] [launcher] Couldn't move logfile C:\Users\plugs\Documents\Rockstar Games\Launcher\launcher.log!
[2024-07-31 01:02:53.923] [DISPLAY] [Main ] [main] Command line: D:\Launcher\Launcher.exe -skipPatcherCheck -epicAppId=gta5  -AUTH_LOGIN=unused -AUTH_PASSWORD=23158ff56adb4b5b9727fa2076a213a2 -AUTH_TYPE=exchangecode -epicapp=9d2d0eb64d5c44529cece33fe2a46482 -epicenv=Prod -EpicPortal -epicusername="Cornetin76" -epicuserid=7e36e32762c84dc09bd5703990d167b1 -epiclocale=es-MX -epicsandboxid=0584d2013f0149a791e7b9bad0eec102 -rlrosDomainEnv=prod @args.txt
[2024-07-31 01:02:53.923] [DISPLAY] [Main ] [main] P4 Version: Change 45867953
[2024-07-31 01:02:53.923] [DISPLAY] [Main ] [main] RGL Branch: release_07
[2024-07-31 01:02:53.923] [DISPLAY] [Main ] [main] Version: 1.0.92.2003
[2024-07-31 01:02:53.923] [DISPLAY] [Main ] [main] Parameters:
[2024-07-31 01:02:53.923] [DISPLAY] [Main ] [main]     D:\Launcher\Launcher.exe
[2024-07-31 01:02:53.923] [DISPLAY] [Main ] [main]     -skipPatcherCheck
[2024-07-31 01:02:53.923] [DISPLAY] [Main ] [main]     -epicAppId=gta5
[2024-07-31 01:02:53.923] [DISPLAY] [Main ] [main]     -AUTH_LOGIN=unused
[2024-07-31 01:02:53.923] [DISPLAY] [Main ] [main]     -AUTH_PASSWORD=23158ff56adb4b5b9727fa2076a213a2
[2024-07-31 01:02:53.923] [DISPLAY] [Main ] [main]     -AUTH_TYPE=exchangecode
[2024-07-31 01:02:53.923] [DISPLAY] [Main ] [main]     -epicapp=9d2d0eb64d5c44529cece33fe2a46482
[2024-07-31 01:02:53.923] [DISPLAY] [Main ] [main]     -epicenv=Prod
[2024-07-31 01:02:53.923] [DISPLAY] [Main ] [main]     -EpicPortal
[2024-07-31 01:02:53.923] [DISPLAY] [Main ] [main]     -epicusername=Cornetin76
[2024-07-31 01:02:53.923] [DISPLAY] [Main ] [main]     -epicuserid=7e36e32762c84dc09bd5703990d167b1
[2024-07-31 01:02:53.923] [DISPLAY] [Main ] [main]     -epiclocale=es-MX
[2024-07-31 01:02:53.923] [DISPLAY] [Main ] [main]     -epicsandboxid=0584d2013f0149a791e7b9bad0eec102
[2024-07-31 01:02:53.923] [DISPLAY] [Main ] [main]     -rlrosDomainEnv=prod
[2024-07-31 01:02:53.923] [DISPLAY] [Main ] [main]     @args.txt
[2024-07-31 01:02:53.923] [DISPLAY] [Main ] [main] Initial Working Directory: D:\GTAV
[2024-07-31 01:02:53.923] [DISPLAY] [Main ] [main] Working directory: D:\Launcher
[2024-07-31 01:02:53.966] [DISPLAY] [Main ] [minmode] Running in Epic mode.
[2024-07-31 01:02:53.966] [DISPLAY] [Main ] [minmode] Title Id: gta5
[2024-07-31 01:02:53.966] [DISPLAY] [Main ] [minmode] Location: D:\GTAV
[2024-07-31 01:02:53.966] [DISPLAY] [Main ] [gamepipemtl] Forwarding commands: D:\Launcher\Launcher.exe -skipPatcherCheck -epicAppId=gta5  -AUTH_LOGIN=unused -AUTH_PASSWORD=23158ff56adb4b5b9727fa2076a213a2 -AUTH_TYPE=exchangecode -epicapp=9d2d0eb64d5c44529cece33fe2a46482 -epicenv=Prod -EpicPortal -epicusername="Cornetin76" -epicuserid=7e36e32762c84dc09bd5703990d167b1 -epiclocale=es-MX -epicsandboxid=0584d2013f0149a791e7b9bad0eec102 -rlrosDomainEnv=prod @args.txt
[2024-07-31 01:02:54.068] [DISPLAY] [Main ] [gamepipemtl] Received command from another instance.
[2024-07-31 01:02:54.068] [DISPLAY] [Main ] [gamepipemtl] Command 12 received, 0 param(s).
[2024-07-31 01:03:24.280] [DISPLAY] [Main ] [gamepipemtl] Received command from another instance.
[2024-07-31 01:03:24.280] [DISPLAY] [Main ] [gamepipemtl] Command 12 received, 0 param(s).
[2024-07-31 01:03:54.529] [DISPLAY] [Main ] [gamepipemtl] Received command from another instance.
[2024-07-31 01:03:54.529] [DISPLAY] [Main ] [gamepipemtl] Command 12 received, 0 param(s).
[2024-07-31 01:04:24.810] [DISPLAY] [Main ] [gamepipemtl] Received command from another instance.
[2024-07-31 01:04:24.810] [DISPLAY] [Main ] [gamepipemtl] Command 12 received, 0 param(s).
[2024-07-31 01:04:55.090] [DISPLAY] [Main ] [gamepipemtl] Received command from another instance.
[2024-07-31 01:04:55.090] [DISPLAY] [Main ] [gamepipemtl] Command 12 received, 0 param(s).
[2024-07-31 01:05:25.304] [DISPLAY] [Main ] [gamepipemtl] Received command from another instance.
[2024-07-31 01:05:25.304] [DISPLAY] [Main ] [gamepipemtl] Command 12 received, 0 param(s).
[2024-07-31 01:05:55.584] [DISPLAY] [Main ] [gamepipemtl] Received command from another instance.
[2024-07-31 01:05:55.584] [DISPLAY] [Main ] [gamepipemtl] Command 12 received, 0 param(s).
[2024-07-31 01:06:25.867] [DISPLAY] [Main ] [gamepipemtl] Received command from another instance.
[2024-07-31 01:06:25.867] [DISPLAY] [Main ] [gamepipemtl] Command 12 received, 0 param(s).
[2024-07-31 01:06:56.103] [DISPLAY] [Main ] [gamepipemtl] Received command from another instance.
[2024-07-31 01:06:56.103] [DISPLAY] [Main ] [gamepipemtl] Command 12 received, 0 param(s).
[2024-07-31 01:07:26.340] [DISPLAY] [Main ] [gamepipemtl] Received command from another instance.
[2024-07-31 01:07:26.340] [DISPLAY] [Main ] [gamepipemtl] Command 12 received, 0 param(s).
[2024-07-31 01:07:56.554] [DISPLAY] [Main ] [gamepipemtl] Received command from another instance.
[2024-07-31 01:07:56.554] [DISPLAY] [Main ] [gamepipemtl] Command 12 received, 0 param(s).
[2024-07-31 01:08:26.765] [DISPLAY] [Main ] [gamepipemtl] Received command from another instance.
[2024-07-31 01:08:26.765] [DISPLAY] [Main ] [gamepipemtl] Command 12 received, 0 param(s).
[2024-07-31 01:08:57.065] [DISPLAY] [Main ] [gamepipemtl] Received command from another instance.
[2024-07-31 01:08:57.065] [DISPLAY] [Main ] [gamepipemtl] Command 12 received, 0 param(s).
[2024-07-31 01:09:27.345] [DISPLAY] [Main ] [gamepipemtl] Received command from another instance.
[2024-07-31 01:09:27.345] [DISPLAY] [Main ] [gamepipemtl] Command 12 received, 0 param(s).
[2024-07-31 01:09:57.549] [DISPLAY] [Main ] [gamepipemtl] Received command from another instance.
[2024-07-31 01:09:57.549] [DISPLAY] [Main ] [gamepipemtl] Command 12 received, 0 param(s).
[2024-07-31 01:10:27.820] [DISPLAY] [Main ] [gamepipemtl] Received command from another instance.
[2024-07-31 01:10:27.820] [DISPLAY] [Main ] [gamepipemtl] Command 12 received, 0 param(s).
[2024-07-31 01:10:58.058] [DISPLAY] [Main ] [gamepipemtl] Received command from another instance.
[2024-07-31 01:10:58.058] [DISPLAY] [Main ] [gamepipemtl] Command 12 received, 0 param(s).
[2024-07-31 01:11:28.310] [DISPLAY] [Main ] [gamepipemtl] Received command from another instance.
[2024-07-31 01:11:28.310] [DISPLAY] [Main ] [gamepipemtl] Command 12 received, 0 param(s).
[2024-07-31 01:11:58.577] [DISPLAY] [Main ] [gamepipemtl] Received command from another instance.
[2024-07-31 01:11:58.577] [DISPLAY] [Main ] [gamepipemtl] Command 12 received, 0 param(s).
[2024-07-31 01:12:28.849] [DISPLAY] [Main ] [gamepipemtl] Received command from another instance.
[2024-07-31 01:12:28.849] [DISPLAY] [Main ] [gamepipemtl] Command 12 received, 0 param(s).
[2024-07-31 01:12:59.079] [DISPLAY] [Main ] [gamepipemtl] Received command from another instance.
[2024-07-31 01:12:59.079] [DISPLAY] [Main ] [gamepipemtl] Command 12 received, 0 param(s).
[2024-07-31 01:13:29.318] [DISPLAY] [Main ] [gamepipemtl] Received command from another instance.
[2024-07-31 01:13:29.318] [DISPLAY] [Main ] [gamepipemtl] Command 12 received, 0 param(s).
[2024-07-31 01:13:59.592] [DISPLAY] [Main ] [gamepipemtl] Received command from another instance.
[2024-07-31 01:13:59.592] [DISPLAY] [Main ] [gamepipemtl] Command 12 received, 0 param(s).
[2024-07-31 01:14:29.911] [DISPLAY] [Main ] [gamepipemtl] Received command from another instance.
[2024-07-31 01:14:29.911] [DISPLAY] [Main ] [gamepipemtl] Command 12 received, 0 param(s).
[2024-07-31 01:15:00.123] [DISPLAY] [Main ] [gamepipemtl] Received command from another instance.
[2024-07-31 01:15:00.123] [DISPLAY] [Main ] [gamepipemtl] Command 12 received, 0 param(s).
[2024-07-31 01:15:30.419] [DISPLAY] [Main ] [gamepipemtl] Received command from another instance.
[2024-07-31 01:15:30.419] [DISPLAY] [Main ] [gamepipemtl] Command 12 received, 0 param(s).
[2024-07-31 01:16:00.657] [DISPLAY] [Main ] [gamepipemtl] Received command from another instance.
[2024-07-31 01:16:00.657] [DISPLAY] [Main ] [gamepipemtl] Command 12 received, 0 param(s).
[2024-07-31 01:16:30.873] [DISPLAY] [Main ] [gamepipemtl] Received command from another instance.
[2024-07-31 01:16:30.873] [DISPLAY] [Main ] [gamepipemtl] Command 12 received, 0 param(s).
[2024-07-31 01:17:01.109] [DISPLAY] [Main ] [gamepipemtl] Received command from another instance.
[2024-07-31 01:17:01.109] [DISPLAY] [Main ] [gamepipemtl] Command 12 received, 0 param(s).
[2024-07-31 01:17:31.327] [DISPLAY] [Main ] [gamepipemtl] Received command from another instance.
[2024-07-31 01:17:31.327] [DISPLAY] [Main ] [gamepipemtl] Command 12 received, 0 param(s).
[2024-07-31 01:18:01.581] [DISPLAY] [Main ] [gamepipemtl] Received command from another instance.
[2024-07-31 01:18:01.581] [DISPLAY] [Main ] [gamepipemtl] Command 12 received, 0 param(s).
[2024-07-31 01:18:31.837] [DISPLAY] [Main ] [gamepipemtl] Received command from another instance.
[2024-07-31 01:18:31.837] [DISPLAY] [Main ] [gamepipemtl] Command 12 received, 0 param(s).
[2024-07-31 01:19:02.121] [DISPLAY] [Main ] [gamepipemtl] Received command from another instance.
[2024-07-31 01:19:02.121] [DISPLAY] [Main ] [gamepipemtl] Command 12 received, 0 param(s).
[2024-07-31 01:19:32.334] [DISPLAY] [Main ] [gamepipemtl] Received command from another instance.
[2024-07-31 01:19:32.334] [DISPLAY] [Main ] [gamepipemtl] Command 12 received, 0 param(s).
[2024-07-31 01:20:02.577] [DISPLAY] [Main ] [gamepipemtl] Received command from another instance.
[2024-07-31 01:20:02.577] [DISPLAY] [Main ] [gamepipemtl] Command 12 received, 0 param(s).
[2024-07-31 01:20:32.828] [DISPLAY] [Main ] [gamepipemtl] Received command from another instance.
[2024-07-31 01:20:32.828] [DISPLAY] [Main ] [gamepipemtl] Command 12 received, 0 param(s).
[2024-07-31 01:21:03.085] [DISPLAY] [Main ] [gamepipemtl] Received command from another instance.
[2024-07-31 01:21:03.085] [DISPLAY] [Main ] [gamepipemtl] Command 12 received, 0 param(s).
[2024-07-31 01:21:33.296] [DISPLAY] [Main ] [gamepipemtl] Received command from another instance.
[2024-07-31 01:21:33.296] [DISPLAY] [Main ] [gamepipemtl] Command 12 received, 0 param(s).
[2024-07-31 01:22:03.574] [DISPLAY] [Main ] [gamepipemtl] Received command from another instance.
[2024-07-31 01:22:03.574] [DISPLAY] [Main ] [gamepipemtl] Command 12 received, 0 param(s).
[2024-07-31 01:22:33.805] [DISPLAY] [Main ] [gamepipemtl] Received command from another instance.
[2024-07-31 01:22:33.805] [DISPLAY] [Main ] [gamepipemtl] Command 12 received, 0 param(s).
[2024-07-31 01:23:04.008] [DISPLAY] [Main ] [gamepipemtl] Received command from another instance.
[2024-07-31 01:23:04.008] [DISPLAY] [Main ] [gamepipemtl] Command 12 received, 0 param(s).
[2024-07-31 01:23:34.232] [DISPLAY] [Main ] [gamepipemtl] Received command from another instance.
[2024-07-31 01:23:34.232] [DISPLAY] [Main ] [gamepipemtl] Command 12 received, 0 param(s).
[2024-07-31 01:24:04.462] [DISPLAY] [Main ] [gamepipemtl] Received command from another instance.
[2024-07-31 01:24:04.462] [DISPLAY] [Main ] [gamepipemtl] Command 12 received, 0 param(s).
[2024-07-31 01:24:34.691] [DISPLAY] [Main ] [gamepipemtl] Received command from another instance.
[2024-07-31 01:24:34.691] [DISPLAY] [Main ] [gamepipemtl] Command 12 received, 0 param(s).
[2024-07-31 01:25:04.911] [DISPLAY] [Main ] [gamepipemtl] Received command from another instance.
[2024-07-31 01:25:04.911] [DISPLAY] [Main ] [gamepipemtl] Command 12 received, 0 param(s).
[2024-07-31 01:25:35.135] [DISPLAY] [Main ] [gamepipemtl] Received command from another instance.
[2024-07-31 01:25:35.135] [DISPLAY] [Main ] [gamepipemtl] Command 12 received, 0 param(s).
[2024-07-31 01:26:05.437] [DISPLAY] [Main ] [gamepipemtl] Received command from another instance.
[2024-07-31 01:26:05.437] [DISPLAY] [Main ] [gamepipemtl] Command 12 received, 0 param(s).
[2024-07-31 01:26:35.737] [DISPLAY] [Main ] [gamepipemtl] Received command from another instance.
[2024-07-31 01:26:35.737] [DISPLAY] [Main ] [gamepipemtl] Command 12 received, 0 param(s).
[2024-07-31 01:27:05.973] [DISPLAY] [Main ] [gamepipemtl] Received command from another instance.
[2024-07-31 01:27:05.973] [DISPLAY] [Main ] [gamepipemtl] Command 12 received, 0 param(s).
[2024-07-31 01:27:36.178] [DISPLAY] [Main ] [gamepipemtl] Received command from another instance.
[2024-07-31 01:27:36.178] [DISPLAY] [Main ] [gamepipemtl] Command 12 received, 0 param(s).
[2024-07-31 01:28:06.426] [DISPLAY] [Main ] [gamepipemtl] Received command from another instance.
[2024-07-31 01:28:06.426] [DISPLAY] [Main ] [gamepipemtl] Command 12 received, 0 param(s).
[2024-07-31 01:28:36.653] [DISPLAY] [Main ] [gamepipemtl] Received command from another instance.
[2024-07-31 01:28:36.653] [DISPLAY] [Main ] [gamepipemtl] Command 12 received, 0 param(s).
[2024-07-31 01:29:06.876] [DISPLAY] [Main ] [gamepipemtl] Received command from another instance.
[2024-07-31 01:29:06.876] [DISPLAY] [Main ] [gamepipemtl] Command 12 received, 0 param(s).
[2024-07-31 01:29:37.125] [DISPLAY] [Main ] [gamepipemtl] Received command from another instance.
[2024-07-31 01:29:37.125] [DISPLAY] [Main ] [gamepipemtl] Command 12 received, 0 param(s).
[2024-07-31 01:30:07.341] [DISPLAY] [Main ] [gamepipemtl] Received command from another instance.
[2024-07-31 01:30:07.341] [DISPLAY] [Main ] [gamepipemtl] Command 12 received, 0 param(s).
[2024-07-31 01:30:37.629] [DISPLAY] [Main ] [gamepipemtl] Received command from another instance.
[2024-07-31 01:30:37.629] [DISPLAY] [Main ] [gamepipemtl] Command 12 received, 0 param(s).
[2024-07-31 01:31:07.929] [DISPLAY] [Main ] [gamepipemtl] Received command from another instance.
[2024-07-31 01:31:07.929] [DISPLAY] [Main ] [gamepipemtl] Command 12 received, 0 param(s).
[2024-07-31 01:31:38.136] [DISPLAY] [Main ] [gamepipemtl] Received command from another instance.
[2024-07-31 01:31:38.136] [DISPLAY] [Main ] [gamepipemtl] Command 12 received, 0 param(s).
[2024-07-31 01:32:08.339] [DISPLAY] [Main ] [gamepipemtl] Received command from another instance.
[2024-07-31 01:32:08.339] [DISPLAY] [Main ] [gamepipemtl] Command 12 received, 0 param(s).
[2024-07-31 01:32:38.566] [DISPLAY] [Main ] [gamepipemtl] Received command from another instance.
[2024-07-31 01:32:38.566] [DISPLAY] [Main ] [gamepipemtl] Command 12 received, 0 param(s).
[2024-07-31 01:33:08.808] [DISPLAY] [Main ] [gamepipemtl] Received command from another instance.
[2024-07-31 01:33:08.808] [DISPLAY] [Main ] [gamepipemtl] Command 12 received, 0 param(s).
[2024-07-31 01:33:39.027] [DISPLAY] [Main ] [gamepipemtl] Received command from another instance.
[2024-07-31 01:33:39.027] [DISPLAY] [Main ] [gamepipemtl] Command 12 received, 0 param(s).
[2024-07-31 01:34:09.328] [DISPLAY] [Main ] [gamepipemtl] Received command from another instance.
[2024-07-31 01:34:09.328] [DISPLAY] [Main ] [gamepipemtl] Command 12 received, 0 param(s).
[2024-07-31 01:34:39.628] [DISPLAY] [Main ] [gamepipemtl] Received command from another instance.
[2024-07-31 01:34:39.628] [DISPLAY] [Main ] [gamepipemtl] Command 12 received, 0 param(s).
[2024-07-31 01:35:09.842] [DISPLAY] [Main ] [gamepipemtl] Received command from another instance.
[2024-07-31 01:35:09.842] [DISPLAY] [Main ] [gamepipemtl] Command 12 received, 0 param(s).
[2024-07-31 01:35:40.047] [DISPLAY] [Main ] [gamepipemtl] Received command from another instance.
[2024-07-31 01:35:40.047] [DISPLAY] [Main ] [gamepipemtl] Command 12 received, 0 param(s).
[2024-07-31 01:36:10.335] [DISPLAY] [Main ] [gamepipemtl] Received command from another instance.
[2024-07-31 01:36:10.335] [DISPLAY] [Main ] [gamepipemtl] Command 12 received, 0 param(s).
[2024-07-31 01:36:40.567] [DISPLAY] [Main ] [gamepipemtl] Received command from another instance.
[2024-07-31 01:36:40.567] [DISPLAY] [Main ] [gamepipemtl] Command 12 received, 0 param(s).
[2024-07-31 01:37:10.782] [DISPLAY] [Main ] [gamepipemtl] Received command from another instance.
[2024-07-31 01:37:10.782] [DISPLAY] [Main ] [gamepipemtl] Command 12 received, 0 param(s).
[2024-07-31 01:37:40.996] [DISPLAY] [Main ] [gamepipemtl] Received command from another instance.
[2024-07-31 01:37:40.996] [DISPLAY] [Main ] [gamepipemtl] Command 12 received, 0 param(s).
[2024-07-31 01:38:11.205] [DISPLAY] [Main ] [gamepipemtl] Received command from another instance.
[2024-07-31 01:38:11.205] [DISPLAY] [Main ] [gamepipemtl] Command 12 received, 0 param(s).
[2024-07-31 01:38:41.419] [DISPLAY] [Main ] [gamepipemtl] Received command from another instance.
[2024-07-31 01:38:41.419] [DISPLAY] [Main ] [gamepipemtl] Command 12 received, 0 param(s).
[2024-07-31 01:39:11.625] [DISPLAY] [Main ] [gamepipemtl] Received command from another instance.
[2024-07-31 01:39:11.625] [DISPLAY] [Main ] [gamepipemtl] Command 12 received, 0 param(s).
[2024-07-31 01:39:41.850] [DISPLAY] [Main ] [gamepipemtl] Received command from another instance.
[2024-07-31 01:39:41.850] [DISPLAY] [Main ] [gamepipemtl] Command 12 received, 0 param(s).
[2024-07-31 01:40:12.139] [DISPLAY] [Main ] [gamepipemtl] Received command from another instance.
[2024-07-31 01:40:12.139] [DISPLAY] [Main ] [gamepipemtl] Command 12 received, 0 param(s).
[2024-07-31 01:40:42.352] [DISPLAY] [Main ] [gamepipemtl] Received command from another instance.
[2024-07-31 01:40:42.352] [DISPLAY] [Main ] [gamepipemtl] Command 12 received, 0 param(s).
[2024-07-31 01:41:12.566] [DISPLAY] [Main ] [gamepipemtl] Received command from another instance.
[2024-07-31 01:41:12.566] [DISPLAY] [Main ] [gamepipemtl] Command 12 received, 0 param(s).
[2024-07-31 01:41:42.783] [DISPLAY] [Main ] [gamepipemtl] Received command from another instance.
[2024-07-31 01:41:42.783] [DISPLAY] [Main ] [gamepipemtl] Command 12 received, 0 param(s).
[2024-07-31 01:42:13.005] [DISPLAY] [Main ] [gamepipemtl] Received command from another instance.
[2024-07-31 01:42:13.005] [DISPLAY] [Main ] [gamepipemtl] Command 12 received, 0 param(s).
[2024-07-31 01:42:43.224] [DISPLAY] [Main ] [gamepipemtl] Received command from another instance.
[2024-07-31 01:42:43.224] [DISPLAY] [Main ] [gamepipemtl] Command 12 received, 0 param(s).
[2024-07-31 01:43:13.432] [DISPLAY] [Main ] [gamepipemtl] Received command from another instance.
[2024-07-31 01:43:13.432] [DISPLAY] [Main ] [gamepipemtl] Command 12 received, 0 param(s).
[2024-07-31 01:43:43.709] [DISPLAY] [Main ] [gamepipemtl] Received command from another instance.
[2024-07-31 01:43:43.709] [DISPLAY] [Main ] [gamepipemtl] Command 12 received, 0 param(s).
[2024-07-31 01:44:13.913] [DISPLAY] [Main ] [gamepipemtl] Received command from another instance.
[2024-07-31 01:44:13.913] [DISPLAY] [Main ] [gamepipemtl] Command 12 received, 0 param(s).
[2024-07-31 01:44:44.121] [DISPLAY] [Main ] [gamepipemtl] Received command from another instance.
[2024-07-31 01:44:44.121] [DISPLAY] [Main ] [gamepipemtl] Command 12 received, 0 param(s).
[2024-07-31 01:45:14.415] [DISPLAY] [Main ] [gamepipemtl] Received command from another instance.
[2024-07-31 01:45:14.415] [DISPLAY] [Main ] [gamepipemtl] Command 12 received, 0 param(s).
[2024-07-31 01:45:44.623] [DISPLAY] [Main ] [gamepipemtl] Received command from another instance.
[2024-07-31 01:45:44.623] [DISPLAY] [Main ] [gamepipemtl] Command 12 received, 0 param(s).
[2024-07-31 01:46:14.835] [DISPLAY] [Main ] [gamepipemtl] Received command from another instance.
[2024-07-31 01:46:14.835] [DISPLAY] [Main ] [gamepipemtl] Command 12 received, 0 param(s).
[2024-07-31 01:46:45.133] [DISPLAY] [Main ] [gamepipemtl] Received command from another instance.
[2024-07-31 01:46:45.133] [DISPLAY] [Main ] [gamepipemtl] Command 12 received, 0 param(s).
[2024-07-31 01:47:15.425] [DISPLAY] [Main ] [gamepipemtl] Received command from another instance.
[2024-07-31 01:47:15.425] [DISPLAY] [Main ] [gamepipemtl] Command 12 received, 0 param(s).
[2024-07-31 01:47:45.693] [DISPLAY] [Main ] [gamepipemtl] Received command from another instance.
[2024-07-31 01:47:45.693] [DISPLAY] [Main ] [gamepipemtl] Command 12 received, 0 param(s).
[2024-07-31 01:48:15.899] [DISPLAY] [Main ] [gamepipemtl] Received command from another instance.
[2024-07-31 01:48:15.899] [DISPLAY] [Main ] [gamepipemtl] Command 12 received, 0 param(s).
[2024-07-31 01:48:46.198] [DISPLAY] [Main ] [gamepipemtl] Received command from another instance.
[2024-07-31 01:48:46.198] [DISPLAY] [Main ] [gamepipemtl] Command 12 received, 0 param(s).
[2024-07-31 01:49:16.446] [DISPLAY] [Main ] [gamepipemtl] Received command from another instance.
[2024-07-31 01:49:16.446] [DISPLAY] [Main ] [gamepipemtl] Command 12 received, 0 param(s).
[2024-07-31 01:49:46.748] [DISPLAY] [Main ] [gamepipemtl] Received command from another instance.
[2024-07-31 01:49:46.748] [DISPLAY] [Main ] [gamepipemtl] Command 12 received, 0 param(s).
[2024-07-31 01:50:17.040] [DISPLAY] [Main ] [gamepipemtl] Received command from another instance.
[2024-07-31 01:50:17.040] [DISPLAY] [Main ] [gamepipemtl] Command 12 received, 0 param(s).
[2024-07-31 01:50:47.336] [DISPLAY] [Main ] [gamepipemtl] Received command from another instance.
[2024-07-31 01:50:47.336] [DISPLAY] [Main ] [gamepipemtl] Command 12 received, 0 param(s).
[2024-07-31 01:51:17.540] [DISPLAY] [Main ] [gamepipemtl] Received command from another instance.
[2024-07-31 01:51:17.540] [DISPLAY] [Main ] [gamepipemtl] Command 12 received, 0 param(s).
[2024-07-31 01:51:47.840] [DISPLAY] [Main ] [gamepipemtl] Received command from another instance.
[2024-07-31 01:51:47.840] [DISPLAY] [Main ] [gamepipemtl] Command 12 received, 0 param(s).
[2024-07-31 01:52:18.047] [DISPLAY] [Main ] [gamepipemtl] Received command from another instance.
[2024-07-31 01:52:18.047] [DISPLAY] [Main ] [gamepipemtl] Command 12 received, 0 param(s).
[2024-07-31 01:52:48.267] [DISPLAY] [Main ] [gamepipemtl] Received command from another instance.
[2024-07-31 01:52:48.267] [DISPLAY] [Main ] [gamepipemtl] Command 12 received, 0 param(s).
[2024-07-31 01:53:18.536] [DISPLAY] [Main ] [gamepipemtl] Received command from another instance.
[2024-07-31 01:53:18.536] [DISPLAY] [Main ] [gamepipemtl] Command 12 received, 0 param(s).
[2024-07-31 01:53:48.824] [DISPLAY] [Main ] [gamepipemtl] Received command from another instance.
[2024-07-31 01:53:48.824] [DISPLAY] [Main ] [gamepipemtl] Command 12 received, 0 param(s).
[2024-07-31 01:54:19.029] [DISPLAY] [Main ] [gamepipemtl] Received command from another instance.
[2024-07-31 01:54:19.029] [DISPLAY] [Main ] [gamepipemtl] Command 12 received, 0 param(s).
[2024-07-31 01:54:49.323] [DISPLAY] [Main ] [gamepipemtl] Received command from another instance.
[2024-07-31 01:54:49.323] [DISPLAY] [Main ] [gamepipemtl] Command 12 received, 0 param(s).
[2024-07-31 01:55:19.527] [DISPLAY] [Main ] [gamepipemtl] Received command from another instance.
[2024-07-31 01:55:19.527] [DISPLAY] [Main ] [gamepipemtl] Command 12 received, 0 param(s).
[2024-07-31 01:55:49.754] [DISPLAY] [Main ] [gamepipemtl] Received command from another instance.
[2024-07-31 01:55:49.754] [DISPLAY] [Main ] [gamepipemtl] Command 12 received, 0 param(s).
[2024-07-31 01:56:19.960] [DISPLAY] [Main ] [gamepipemtl] Received command from another instance.
[2024-07-31 01:56:19.960] [DISPLAY] [Main ] [gamepipemtl] Command 12 received, 0 param(s).
[2024-07-31 01:56:50.247] [DISPLAY] [Main ] [gamepipemtl] Received command from another instance.
[2024-07-31 01:56:50.247] [DISPLAY] [Main ] [gamepipemtl] Command 12 received, 0 param(s).
[2024-07-31 01:57:20.464] [DISPLAY] [Main ] [gamepipemtl] Received command from another instance.
[2024-07-31 01:57:20.464] [DISPLAY] [Main ] [gamepipemtl] Command 12 received, 0 param(s).
[2024-07-31 01:57:50.666] [DISPLAY] [Main ] [gamepipemtl] Received command from another instance.
[2024-07-31 01:57:50.666] [DISPLAY] [Main ] [gamepipemtl] Command 12 received, 0 param(s).
[2024-07-31 01:58:20.902] [DISPLAY] [Main ] [gamepipemtl] Received command from another instance.
[2024-07-31 01:58:20.902] [DISPLAY] [Main ] [gamepipemtl] Command 12 received, 0 param(s).
[2024-07-31 01:58:51.150] [DISPLAY] [Main ] [gamepipemtl] Received command from another instance.
[2024-07-31 01:58:51.150] [DISPLAY] [Main ] [gamepipemtl] Command 12 received, 0 param(s).
[2024-07-31 01:59:21.446] [DISPLAY] [Main ] [gamepipemtl] Received command from another instance.
[2024-07-31 01:59:21.446] [DISPLAY] [Main ] [gamepipemtl] Command 12 received, 0 param(s).
[2024-07-31 01:59:51.736] [DISPLAY] [Main ] [gamepipemtl] Received command from another instance.
[2024-07-31 01:59:51.736] [DISPLAY] [Main ] [gamepipemtl] Command 12 received, 0 param(s).
[2024-07-31 02:00:21.940] [DISPLAY] [Main ] [gamepipemtl] Received command from another instance.
[2024-07-31 02:00:21.940] [DISPLAY] [Main ] [gamepipemtl] Command 12 received, 0 param(s).
[2024-07-31 02:00:52.186] [DISPLAY] [Main ] [gamepipemtl] Received command from another instance.
[2024-07-31 02:00:52.186] [DISPLAY] [Main ] [gamepipemtl] Command 12 received, 0 param(s).
[2024-07-31 02:01:22.418] [DISPLAY] [Main ] [gamepipemtl] Received command from another instance.
[2024-07-31 02:01:22.418] [DISPLAY] [Main ] [gamepipemtl] Command 12 received, 0 param(s).
[2024-07-31 02:01:52.633] [DISPLAY] [Main ] [gamepipemtl] Received command from another instance.
[2024-07-31 02:01:52.633] [DISPLAY] [Main ] [gamepipemtl] Command 12 received, 0 param(s).
[2024-07-31 02:02:22.877] [DISPLAY] [Main ] [gamepipemtl] Received command from another instance.
[2024-07-31 02:02:22.877] [DISPLAY] [Main ] [gamepipemtl] Command 12 received, 0 param(s).
[2024-07-31 02:02:53.125] [DISPLAY] [Main ] [gamepipemtl] Received command from another instance.
[2024-07-31 02:02:53.125] [DISPLAY] [Main ] [gamepipemtl] Command 12 received, 0 param(s).
[2024-07-31 02:03:23.419] [DISPLAY] [Main ] [gamepipemtl] Received command from another instance.
[2024-07-31 02:03:23.419] [DISPLAY] [Main ] [gamepipemtl] Command 12 received, 0 param(s).
[2024-07-31 02:03:53.651] [DISPLAY] [Main ] [gamepipemtl] Received command from another instance.
[2024-07-31 02:03:53.651] [DISPLAY] [Main ] [gamepipemtl] Command 12 received, 0 param(s).
[2024-07-31 02:04:23.889] [DISPLAY] [Main ] [gamepipemtl] Received command from another instance.
[2024-07-31 02:04:23.889] [DISPLAY] [Main ] [gamepipemtl] Command 12 received, 0 param(s).
[2024-07-31 02:04:54.105] [DISPLAY] [Main ] [gamepipemtl] Received command from another instance.
[2024-07-31 02:04:54.105] [DISPLAY] [Main ] [gamepipemtl] Command 12 received, 0 param(s).
[2024-07-31 02:05:24.328] [DISPLAY] [Main ] [gamepipemtl] Received command from another instance.
[2024-07-31 02:05:24.328] [DISPLAY] [Main ] [gamepipemtl] Command 12 received, 0 param(s).
[2024-07-31 02:05:54.566] [DISPLAY] [Main ] [gamepipemtl] Received command from another instance.
[2024-07-31 02:05:54.566] [DISPLAY] [Main ] [gamepipemtl] Command 12 received, 0 param(s).
[2024-07-31 02:06:24.784] [DISPLAY] [Main ] [gamepipemtl] Received command from another instance.
[2024-07-31 02:06:24.784] [DISPLAY] [Main ] [gamepipemtl] Command 12 received, 0 param(s).
[2024-07-31 02:06:55.016] [DISPLAY] [Main ] [gamepipemtl] Received command from another instance.
[2024-07-31 02:06:55.016] [DISPLAY] [Main ] [gamepipemtl] Command 12 received, 0 param(s).
[2024-07-31 02:07:25.221] [DISPLAY] [Main ] [gamepipemtl] Received command from another instance.
[2024-07-31 02:07:25.221] [DISPLAY] [Main ] [gamepipemtl] Command 12 received, 0 param(s).
[2024-07-31 02:07:55.448] [DISPLAY] [Main ] [gamepipemtl] Received command from another instance.
[2024-07-31 02:07:55.448] [DISPLAY] [Main ] [gamepipemtl] Command 12 received, 0 param(s).
[2024-07-31 02:08:25.667] [DISPLAY] [Main ] [gamepipemtl] Received command from another instance.
[2024-07-31 02:08:25.667] [DISPLAY] [Main ] [gamepipemtl] Command 12 received, 0 param(s).
[2024-07-31 02:08:55.886] [DISPLAY] [Main ] [gamepipemtl] Received command from another instance.
[2024-07-31 02:08:55.886] [DISPLAY] [Main ] [gamepipemtl] Command 12 received, 0 param(s).
[2024-07-31 02:09:26.094] [DISPLAY] [Main ] [gamepipemtl] Received command from another instance.
[2024-07-31 02:09:26.094] [DISPLAY] [Main ] [gamepipemtl] Command 12 received, 0 param(s).
[2024-07-31 02:09:56.317] [DISPLAY] [Main ] [gamepipemtl] Received command from another instance.
[2024-07-31 02:09:56.317] [DISPLAY] [Main ] [gamepipemtl] Command 12 received, 0 param(s).
[2024-07-31 02:10:26.532] [DISPLAY] [Main ] [gamepipemtl] Received command from another instance.
[2024-07-31 02:10:26.532] [DISPLAY] [Main ] [gamepipemtl] Command 12 received, 0 param(s).
[2024-07-31 02:10:56.748] [DISPLAY] [Main ] [gamepipemtl] Received command from another instance.
[2024-07-31 02:10:56.748] [DISPLAY] [Main ] [gamepipemtl] Command 12 received, 0 param(s).
[2024-07-31 02:11:26.979] [DISPLAY] [Main ] [gamepipemtl] Received command from another instance.
[2024-07-31 02:11:26.979] [DISPLAY] [Main ] [gamepipemtl] Command 12 received, 0 param(s).
[2024-07-31 02:11:57.194] [DISPLAY] [Main ] [gamepipemtl] Received command from another instance.
[2024-07-31 02:11:57.194] [DISPLAY] [Main ] [gamepipemtl] Command 12 received, 0 param(s).
[2024-07-31 02:12:27.475] [DISPLAY] [Main ] [gamepipemtl] Received command from another instance.
[2024-07-31 02:12:27.475] [DISPLAY] [Main ] [gamepipemtl] Command 12 received, 0 param(s).
[2024-07-31 02:12:57.765] [DISPLAY] [Main ] [gamepipemtl] Received command from another instance.
[2024-07-31 02:12:57.765] [DISPLAY] [Main ] [gamepipemtl] Command 12 received, 0 param(s).
[2024-07-31 02:13:28.001] [DISPLAY] [Main ] [gamepipemtl] Received command from another instance.
[2024-07-31 02:13:28.001] [DISPLAY] [Main ] [gamepipemtl] Command 12 received, 0 param(s).
[2024-07-31 02:13:58.224] [DISPLAY] [Main ] [gamepipemtl] Received command from another instance.
[2024-07-31 02:13:58.224] [DISPLAY] [Main ] [gamepipemtl] Command 12 received, 0 param(s).
[2024-07-31 02:14:28.459] [DISPLAY] [Main ] [gamepipemtl] Received command from another instance.
[2024-07-31 02:14:28.459] [DISPLAY] [Main ] [gamepipemtl] Command 12 received, 0 param(s).
[2024-07-31 02:14:58.671] [DISPLAY] [Main ] [gamepipemtl] Received command from another instance.
[2024-07-31 02:14:58.671] [DISPLAY] [Main ] [gamepipemtl] Command 12 received, 0 param(s).
[2024-07-31 02:15:28.916] [DISPLAY] [Main ] [gamepipemtl] Received command from another instance.
[2024-07-31 02:15:28.916] [DISPLAY] [Main ] [gamepipemtl] Command 12 received, 0 param(s).
[2024-07-31 02:15:59.156] [DISPLAY] [Main ] [gamepipemtl] Received command from another instance.
[2024-07-31 02:15:59.156] [DISPLAY] [Main ] [gamepipemtl] Command 12 received, 0 param(s).
[2024-07-31 02:16:29.388] [DISPLAY] [Main ] [gamepipemtl] Received command from another instance.
[2024-07-31 02:16:29.388] [DISPLAY] [Main ] [gamepipemtl] Command 12 received, 0 param(s).
[2024-07-31 02:16:59.599] [DISPLAY] [Main ] [gamepipemtl] Received command from another instance.
[2024-07-31 02:16:59.599] [DISPLAY] [Main ] [gamepipemtl] Command 12 received, 0 param(s).
[2024-07-31 02:17:29.809] [DISPLAY] [Main ] [gamepipemtl] Received command from another instance.
[2024-07-31 02:17:29.809] [DISPLAY] [Main ] [gamepipemtl] Command 12 received, 0 param(s).
[2024-07-31 02:18:00.025] [DISPLAY] [Main ] [gamepipemtl] Received command from another instance.
[2024-07-31 02:18:00.025] [DISPLAY] [Main ] [gamepipemtl] Command 12 received, 0 param(s).
[2024-07-31 02:18:30.256] [DISPLAY] [Main ] [gamepipemtl] Received command from another instance.
[2024-07-31 02:18:30.256] [DISPLAY] [Main ] [gamepipemtl] Command 12 received, 0 param(s).
[2024-07-31 02:19:00.472] [DISPLAY] [Main ] [gamepipemtl] Received command from another instance.
[2024-07-31 02:19:00.472] [DISPLAY] [Main ] [gamepipemtl] Command 12 received, 0 param(s).
[2024-07-31 02:19:30.687] [DISPLAY] [Main ] [gamepipemtl] Received command from another instance.
[2024-07-31 02:19:30.687] [DISPLAY] [Main ] [gamepipemtl] Command 12 received, 0 param(s).
[2024-07-31 02:20:00.961] [DISPLAY] [Main ] [gamepipemtl] Received command from another instance.
[2024-07-31 02:20:00.961] [DISPLAY] [Main ] [gamepipemtl] Command 12 received, 0 param(s).
[2024-07-31 02:20:31.179] [DISPLAY] [Main ] [gamepipemtl] Received command from another instance.
[2024-07-31 02:20:31.179] [DISPLAY] [Main ] [gamepipemtl] Command 12 received, 0 param(s).
[2024-07-31 02:21:01.412] [DISPLAY] [Main ] [gamepipemtl] Received command from another instance.
[2024-07-31 02:21:01.412] [DISPLAY] [Main ] [gamepipemtl] Command 12 received, 0 param(s).
[2024-07-31 02:21:31.658] [DISPLAY] [Main ] [gamepipemtl] Received command from another instance.
[2024-07-31 02:21:31.658] [DISPLAY] [Main ] [gamepipemtl] Command 12 received, 0 param(s).
[2024-07-31 02:22:01.901] [DISPLAY] [Main ] [gamepipemtl] Received command from another instance.
[2024-07-31 02:22:01.901] [DISPLAY] [Main ] [gamepipemtl] Command 12 received, 0 param(s).
[2024-07-31 02:22:32.189] [DISPLAY] [Main ] [gamepipemtl] Received command from another instance.
[2024-07-31 02:22:32.189] [DISPLAY] [Main ] [gamepipemtl] Command 12 received, 0 param(s).
[2024-07-31 02:23:02.407] [DISPLAY] [Main ] [gamepipemtl] Received command from another instance.
[2024-07-31 02:23:02.407] [DISPLAY] [Main ] [gamepipemtl] Command 12 received, 0 param(s).
[2024-07-31 02:23:32.616] [DISPLAY] [Main ] [gamepipemtl] Received command from another instance.
[2024-07-31 02:23:32.616] [DISPLAY] [Main ] [gamepipemtl] Command 12 received, 0 param(s).
[2024-07-31 02:24:02.915] [DISPLAY] [Main ] [gamepipemtl] Received command from another instance.
[2024-07-31 02:24:02.915] [DISPLAY] [Main ] [gamepipemtl] Command 12 received, 0 param(s).
[2024-07-31 02:24:33.119] [DISPLAY] [Main ] [gamepipemtl] Received command from another instance.
[2024-07-31 02:24:33.119] [DISPLAY] [Main ] [gamepipemtl] Command 12 received, 0 param(s).
[2024-07-31 02:25:03.359] [DISPLAY] [Main ] [gamepipemtl] Received command from another instance.
[2024-07-31 02:25:03.359] [DISPLAY] [Main ] [gamepipemtl] Command 12 received, 0 param(s).
[2024-07-31 02:25:33.596] [DISPLAY] [Main ] [gamepipemtl] Received command from another instance.
[2024-07-31 02:25:33.596] [DISPLAY] [Main ] [gamepipemtl] Command 12 received, 0 param(s).
[2024-07-31 02:26:03.821] [DISPLAY] [Main ] [gamepipemtl] Received command from another instance.
[2024-07-31 02:26:03.821] [DISPLAY] [Main ] [gamepipemtl] Command 12 received, 0 param(s).
[2024-07-31 02:26:34.030] [DISPLAY] [Main ] [gamepipemtl] Received command from another instance.
[2024-07-31 02:26:34.030] [DISPLAY] [Main ] [gamepipemtl] Command 12 received, 0 param(s).
[2024-07-31 02:27:04.312] [DISPLAY] [Main ] [gamepipemtl] Received command from another instance.
[2024-07-31 02:27:04.312] [DISPLAY] [Main ] [gamepipemtl] Command 12 received, 0 param(s).
[2024-07-31 02:27:34.523] [DISPLAY] [Main ] [gamepipemtl] Received command from another instance.
[2024-07-31 02:27:34.523] [DISPLAY] [Main ] [gamepipemtl] Command 12 received, 0 param(s).
[2024-07-31 02:28:04.738] [DISPLAY] [Main ] [gamepipemtl] Received command from another instance.
[2024-07-31 02:28:04.738] [DISPLAY] [Main ] [gamepipemtl] Command 12 received, 0 param(s).
[2024-07-31 02:28:34.945] [DISPLAY] [Main ] [gamepipemtl] Received command from another instance.
[2024-07-31 02:28:34.945] [DISPLAY] [Main ] [gamepipemtl] Command 12 received, 0 param(s).
[2024-07-31 02:29:05.199] [DISPLAY] [Main ] [gamepipemtl] Received command from another instance.
[2024-07-31 02:29:05.199] [DISPLAY] [Main ] [gamepipemtl] Command 12 received, 0 param(s).
[2024-07-31 02:29:35.418] [DISPLAY] [Main ] [gamepipemtl] Received command from another instance.
[2024-07-31 02:29:35.418] [DISPLAY] [Main ] [gamepipemtl] Command 12 received, 0 param(s).
[2024-07-31 02:30:05.630] [DISPLAY] [Main ] [gamepipemtl] Received command from another instance.
[2024-07-31 02:30:05.630] [DISPLAY] [Main ] [gamepipemtl] Command 12 received, 0 param(s).
[2024-07-31 02:30:35.916] [DISPLAY] [Main ] [gamepipemtl] Received command from another instance.
[2024-07-31 02:30:35.916] [DISPLAY] [Main ] [gamepipemtl] Command 12 received, 0 param(s).
[2024-07-31 02:31:06.143] [DISPLAY] [Main ] [gamepipemtl] Received command from another instance.
[2024-07-31 02:31:06.143] [DISPLAY] [Main ] [gamepipemtl] Command 12 received, 0 param(s).
[2024-07-31 02:31:36.366] [DISPLAY] [Main ] [gamepipemtl] Received command from another instance.
[2024-07-31 02:31:36.366] [DISPLAY] [Main ] [gamepipemtl] Command 12 received, 0 param(s).
[2024-07-31 02:32:06.568] [DISPLAY] [Main ] [gamepipemtl] Received command from another instance.
[2024-07-31 02:32:06.568] [DISPLAY] [Main ] [gamepipemtl] Command 12 received, 0 param(s).
[2024-07-31 02:32:36.772] [DISPLAY] [Main ] [gamepipemtl] Received command from another instance.
[2024-07-31 02:32:36.772] [DISPLAY] [Main ] [gamepipemtl] Command 12 received, 0 param(s).
[2024-07-31 02:33:06.986] [DISPLAY] [Main ] [gamepipemtl] Received command from another instance.
[2024-07-31 02:33:06.986] [DISPLAY] [Main ] [gamepipemtl] Command 12 received, 0 param(s).
[2024-07-31 02:33:37.237] [DISPLAY] [Main ] [gamepipemtl] Received command from another instance.
[2024-07-31 02:33:37.237] [DISPLAY] [Main ] [gamepipemtl] Command 12 received, 0 param(s).
[2024-07-31 02:34:07.449] [DISPLAY] [Main ] [gamepipemtl] Received command from another instance.
[2024-07-31 02:34:07.449] [DISPLAY] [Main ] [gamepipemtl] Command 12 received, 0 param(s).
[2024-07-31 02:34:37.684] [DISPLAY] [Main ] [gamepipemtl] Received command from another instance.
[2024-07-31 02:34:37.684] [DISPLAY] [Main ] [gamepipemtl] Command 12 received, 0 param(s).
[2024-07-31 02:35:07.984] [DISPLAY] [Main ] [gamepipemtl] Received command from another instance.
[2024-07-31 02:35:07.984] [DISPLAY] [Main ] [gamepipemtl] Command 12 received, 0 param(s).
[2024-07-31 02:35:38.232] [DISPLAY] [Main ] [gamepipemtl] Received command from another instance.
[2024-07-31 02:35:38.232] [DISPLAY] [Main ] [gamepipemtl] Command 12 received, 0 param(s).
[2024-07-31 02:36:08.451] [DISPLAY] [Main ] [gamepipemtl] Received command from another instance.
[2024-07-31 02:36:08.451] [DISPLAY] [Main ] [gamepipemtl] Command 12 received, 0 param(s).
[2024-07-31 02:36:38.660] [DISPLAY] [Main ] [gamepipemtl] Received command from another instance.
[2024-07-31 02:36:38.660] [DISPLAY] [Main ] [gamepipemtl] Command 12 received, 0 param(s).
[2024-07-31 02:37:08.893] [DISPLAY] [Main ] [gamepipemtl] Received command from another instance.
[2024-07-31 02:37:08.893] [DISPLAY] [Main ] [gamepipemtl] Command 12 received, 0 param(s).
[2024-07-31 02:37:39.107] [DISPLAY] [Main ] [gamepipemtl] Received command from another instance.
[2024-07-31 02:37:39.107] [DISPLAY] [Main ] [gamepipemtl] Command 12 received, 0 param(s).
[2024-07-31 02:38:09.319] [DISPLAY] [Main ] [gamepipemtl] Received command from another instance.
[2024-07-31 02:38:09.319] [DISPLAY] [Main ] [gamepipemtl] Command 12 received, 0 param(s).
[2024-07-31 02:38:39.546] [DISPLAY] [Main ] [gamepipemtl] Received command from another instance.
[2024-07-31 02:38:39.546] [DISPLAY] [Main ] [gamepipemtl] Command 12 received, 0 param(s).
[2024-07-31 02:39:09.785] [DISPLAY] [Main ] [gamepipemtl] Received command from another instance.
[2024-07-31 02:39:09.785] [DISPLAY] [Main ] [gamepipemtl] Command 12 received, 0 param(s).
[2024-07-31 02:39:40.001] [DISPLAY] [Main ] [gamepipemtl] Received command from another instance.
[2024-07-31 02:39:40.001] [DISPLAY] [Main ] [gamepipemtl] Command 12 received, 0 param(s).
[2024-07-31 02:40:10.212] [DISPLAY] [Main ] [gamepipemtl] Received command from another instance.
[2024-07-31 02:40:10.212] [DISPLAY] [Main ] [gamepipemtl] Command 12 received, 0 param(s).
[2024-07-31 02:40:40.467] [DISPLAY] [Main ] [gamepipemtl] Received command from another instance.
[2024-07-31 02:40:40.467] [DISPLAY] [Main ] [gamepipemtl] Command 12 received, 0 param(s).
[2024-07-31 02:41:10.691] [DISPLAY] [Main ] [gamepipemtl] Received command from another instance.
[2024-07-31 02:41:10.691] [DISPLAY] [Main ] [gamepipemtl] Command 12 received, 0 param(s).
[2024-07-31 02:41:40.916] [DISPLAY] [Main ] [gamepipemtl] Received command from another instance.
[2024-07-31 02:41:40.916] [DISPLAY] [Main ] [gamepipemtl] Command 12 received, 0 param(s).
[2024-07-31 02:42:11.217] [DISPLAY] [Main ] [gamepipemtl] Received command from another instance.
[2024-07-31 02:42:11.217] [DISPLAY] [Main ] [gamepipemtl] Command 12 received, 0 param(s).
[2024-07-31 02:42:41.443] [DISPLAY] [Main ] [gamepipemtl] Received command from another instance.
[2024-07-31 02:42:41.443] [DISPLAY] [Main ] [gamepipemtl] Command 12 received, 0 param(s).
[2024-07-31 02:43:11.720] [DISPLAY] [Main ] [gamepipemtl] Received command from another instance.
[2024-07-31 02:43:11.720] [DISPLAY] [Main ] [gamepipemtl] Command 12 received, 0 param(s).
[2024-07-31 02:43:41.969] [DISPLAY] [Main ] [gamepipemtl] Received command from another instance.
[2024-07-31 02:43:41.969] [DISPLAY] [Main ] [gamepipemtl] Command 12 received, 0 param(s).
[2024-07-31 02:44:12.186] [DISPLAY] [Main ] [gamepipemtl] Received command from another instance.
[2024-07-31 02:44:12.186] [DISPLAY] [Main ] [gamepipemtl] Command 12 received, 0 param(s).
[2024-07-31 02:44:42.397] [DISPLAY] [Main ] [gamepipemtl] Received command from another instance.
[2024-07-31 02:44:42.397] [DISPLAY] [Main ] [gamepipemtl] Command 12 received, 0 param(s).
[2024-07-31 02:45:12.634] [DISPLAY] [Main ] [gamepipemtl] Received command from another instance.
[2024-07-31 02:45:12.634] [DISPLAY] [Main ] [gamepipemtl] Command 12 received, 0 param(s).
[2024-07-31 02:45:42.899] [DISPLAY] [Main ] [gamepipemtl] Received command from another instance.
[2024-07-31 02:45:42.899] [DISPLAY] [Main ] [gamepipemtl] Command 12 received, 0 param(s).
[2024-07-31 02:46:13.137] [DISPLAY] [Main ] [gamepipemtl] Received command from another instance.
[2024-07-31 02:46:13.137] [DISPLAY] [Main ] [gamepipemtl] Command 12 received, 0 param(s).
[2024-07-31 02:46:43.352] [DISPLAY] [Main ] [gamepipemtl] Received command from another instance.
[2024-07-31 02:46:43.352] [DISPLAY] [Main ] [gamepipemtl] Command 12 received, 0 param(s).
[2024-07-31 02:47:13.584] [DISPLAY] [Main ] [gamepipemtl] Received command from another instance.
[2024-07-31 02:47:13.584] [DISPLAY] [Main ] [gamepipemtl] Command 12 received, 0 param(s).
[2024-07-31 02:47:43.880] [DISPLAY] [Main ] [gamepipemtl] Received command from another instance.
[2024-07-31 02:47:43.880] [DISPLAY] [Main ] [gamepipemtl] Command 12 received, 0 param(s).
[2024-07-31 02:48:14.123] [DISPLAY] [Main ] [gamepipemtl] Received command from another instance.
[2024-07-31 02:48:14.123] [DISPLAY] [Main ] [gamepipemtl] Command 12 received, 0 param(s).
[2024-07-31 02:48:44.408] [DISPLAY] [Main ] [gamepipemtl] Received command from another instance.
[2024-07-31 02:48:44.408] [DISPLAY] [Main ] [gamepipemtl] Command 12 received, 0 param(s).
[2024-07-31 02:49:14.618] [DISPLAY] [Main ] [gamepipemtl] Received command from another instance.
[2024-07-31 02:49:14.618] [DISPLAY] [Main ] [gamepipemtl] Command 12 received, 0 param(s).
[2024-07-31 02:49:44.824] [DISPLAY] [Main ] [gamepipemtl] Received command from another instance.
[2024-07-31 02:49:44.824] [DISPLAY] [Main ] [gamepipemtl] Command 12 received, 0 param(s).
[2024-07-31 02:50:15.083] [DISPLAY] [Main ] [gamepipemtl] Received command from another instance.
[2024-07-31 02:50:15.083] [DISPLAY] [Main ] [gamepipemtl] Command 12 received, 0 param(s).
[2024-07-31 02:50:45.375] [DISPLAY] [Main ] [gamepipemtl] Received command from another instance.
[2024-07-31 02:50:45.375] [DISPLAY] [Main ] [gamepipemtl] Command 12 received, 0 param(s).
[2024-07-31 02:51:15.658] [DISPLAY] [Main ] [gamepipemtl] Received command from another instance.
[2024-07-31 02:51:15.658] [DISPLAY] [Main ] [gamepipemtl] Command 12 received, 0 param(s).
[2024-07-31 02:51:45.951] [DISPLAY] [Main ] [gamepipemtl] Received command from another instance.
[2024-07-31 02:51:45.951] [DISPLAY] [Main ] [gamepipemtl] Command 12 received, 0 param(s).
[2024-07-31 02:52:16.155] [DISPLAY] [Main ] [gamepipemtl] Received command from another instance.
[2024-07-31 02:52:16.155] [DISPLAY] [Main ] [gamepipemtl] Command 12 received, 0 param(s).
[2024-07-31 02:52:46.372] [DISPLAY] [Main ] [gamepipemtl] Received command from another instance.
[2024-07-31 02:52:46.372] [DISPLAY] [Main ] [gamepipemtl] Command 12 received, 0 param(s).
[2024-07-31 02:53:16.577] [DISPLAY] [Main ] [gamepipemtl] Received command from another instance.
[2024-07-31 02:53:16.577] [DISPLAY] [Main ] [gamepipemtl] Command 12 received, 0 param(s).
[2024-07-31 02:53:46.811] [DISPLAY] [Main ] [gamepipemtl] Received command from another instance.
[2024-07-31 02:53:46.811] [DISPLAY] [Main ] [gamepipemtl] Command 12 received, 0 param(s).
[2024-07-31 02:54:17.030] [DISPLAY] [Main ] [gamepipemtl] Received command from another instance.
[2024-07-31 02:54:17.030] [DISPLAY] [Main ] [gamepipemtl] Command 12 received, 0 param(s).
[2024-07-31 02:54:47.241] [DISPLAY] [Main ] [gamepipemtl] Received command from another instance.
[2024-07-31 02:54:47.241] [DISPLAY] [Main ] [gamepipemtl] Command 12 received, 0 param(s).
[2024-07-31 02:55:17.458] [DISPLAY] [Main ] [gamepipemtl] Received command from another instance.
[2024-07-31 02:55:17.458] [DISPLAY] [Main ] [gamepipemtl] Command 12 received, 0 param(s).
[2024-07-31 02:55:47.702] [DISPLAY] [Main ] [gamepipemtl] Received command from another instance.
[2024-07-31 02:55:47.702] [DISPLAY] [Main ] [gamepipemtl] Command 12 received, 0 param(s).
[2024-07-31 02:56:17.931] [DISPLAY] [Main ] [gamepipemtl] Received command from another instance.
[2024-07-31 02:56:17.931] [DISPLAY] [Main ] [gamepipemtl] Command 12 received, 0 param(s).
[2024-07-31 02:56:48.145] [DISPLAY] [Main ] [gamepipemtl] Received command from another instance.
[2024-07-31 02:56:48.145] [DISPLAY] [Main ] [gamepipemtl] Command 12 received, 0 param(s).
[2024-07-31 02:57:18.374] [DISPLAY] [Main ] [gamepipemtl] Received command from another instance.
[2024-07-31 02:57:18.374] [DISPLAY] [Main ] [gamepipemtl] Command 12 received, 0 param(s).
[2024-07-31 02:57:48.588] [DISPLAY] [Main ] [gamepipemtl] Received command from another instance.
[2024-07-31 02:57:48.588] [DISPLAY] [Main ] [gamepipemtl] Command 12 received, 0 param(s).
[2024-07-31 02:58:18.808] [DISPLAY] [Main ] [gamepipemtl] Received command from another instance.
[2024-07-31 02:58:18.808] [DISPLAY] [Main ] [gamepipemtl] Command 12 received, 0 param(s).
[2024-07-31 02:58:49.036] [DISPLAY] [Main ] [gamepipemtl] Received command from another instance.
[2024-07-31 02:58:49.036] [DISPLAY] [Main ] [gamepipemtl] Command 12 received, 0 param(s).
[2024-07-31 02:59:19.242] [DISPLAY] [Main ] [gamepipemtl] Received command from another instance.
[2024-07-31 02:59:19.242] [DISPLAY] [Main ] [gamepipemtl] Command 12 received, 0 param(s).
[2024-07-31 02:59:49.492] [DISPLAY] [Main ] [gamepipemtl] Received command from another instance.
[2024-07-31 02:59:49.492] [DISPLAY] [Main ] [gamepipemtl] Command 12 received, 0 param(s).
[2024-07-31 03:00:19.785] [DISPLAY] [Main ] [gamepipemtl] Received command from another instance.
[2024-07-31 03:00:19.785] [DISPLAY] [Main ] [gamepipemtl] Command 12 received, 0 param(s).
[2024-07-31 03:00:50.082] [DISPLAY] [Main ] [gamepipemtl] Received command from another instance.
[2024-07-31 03:00:50.082] [DISPLAY] [Main ] [gamepipemtl] Command 12 received, 0 param(s).
[2024-07-31 03:01:20.304] [DISPLAY] [Main ] [gamepipemtl] Received command from another instance.
[2024-07-31 03:01:20.304] [DISPLAY] [Main ] [gamepipemtl] Command 12 received, 0 param(s).
[2024-07-31 03:01:50.593] [DISPLAY] [Main ] [gamepipemtl] Received command from another instance.
[2024-07-31 03:01:50.593] [DISPLAY] [Main ] [gamepipemtl] Command 12 received, 0 param(s).
[2024-07-31 03:02:20.822] [DISPLAY] [Main ] [gamepipemtl] Received command from another instance.
[2024-07-31 03:02:20.822] [DISPLAY] [Main ] [gamepipemtl] Command 12 received, 0 param(s).
[2024-07-31 03:02:51.033] [DISPLAY] [Main ] [gamepipemtl] Received command from another instance.
[2024-07-31 03:02:51.033] [DISPLAY] [Main ] [gamepipemtl] Command 12 received, 0 param(s).
[2024-07-31 03:03:21.277] [DISPLAY] [Main ] [gamepipemtl] Received command from another instance.
[2024-07-31 03:03:21.277] [DISPLAY] [Main ] [gamepipemtl] Command 12 received, 0 param(s).
[2024-07-31 03:03:51.549] [DISPLAY] [Main ] [gamepipemtl] Received command from another instance.
[2024-07-31 03:03:51.549] [DISPLAY] [Main ] [gamepipemtl] Command 12 received, 0 param(s).
[2024-07-31 03:04:21.772] [DISPLAY] [Main ] [gamepipemtl] Received command from another instance.
[2024-07-31 03:04:21.772] [DISPLAY] [Main ] [gamepipemtl] Command 12 received, 0 param(s).
[2024-07-31 03:04:51.995] [DISPLAY] [Main ] [gamepipemtl] Received command from another instance.
[2024-07-31 03:04:51.995] [DISPLAY] [Main ] [gamepipemtl] Command 12 received, 0 param(s).
[2024-07-31 03:05:22.223] [DISPLAY] [Main ] [gamepipemtl] Received command from another instance.
[2024-07-31 03:05:22.223] [DISPLAY] [Main ] [gamepipemtl] Command 12 received, 0 param(s).
[2024-07-31 03:05:52.467] [DISPLAY] [Main ] [gamepipemtl] Received command from another instance.
[2024-07-31 03:05:52.467] [DISPLAY] [Main ] [gamepipemtl] Command 12 received, 0 param(s).
[2024-07-31 03:06:22.704] [DISPLAY] [Main ] [gamepipemtl] Received command from another instance.
[2024-07-31 03:06:22.704] [DISPLAY] [Main ] [gamepipemtl] Command 12 received, 0 param(s).
[2024-07-31 03:06:52.915] [DISPLAY] [Main ] [gamepipemtl] Received command from another instance.
[2024-07-31 03:06:52.915] [DISPLAY] [Main ] [gamepipemtl] Command 12 received, 0 param(s).
[2024-07-31 03:07:23.127] [DISPLAY] [Main ] [gamepipemtl] Received command from another instance.
[2024-07-31 03:07:23.127] [DISPLAY] [Main ] [gamepipemtl] Command 12 received, 0 param(s).
[2024-07-31 03:07:53.417] [DISPLAY] [Main ] [gamepipemtl] Received command from another instance.
[2024-07-31 03:07:53.417] [DISPLAY] [Main ] [gamepipemtl] Command 12 received, 0 param(s).
[2024-07-31 03:08:23.633] [DISPLAY] [Main ] [gamepipemtl] Received command from another instance.
[2024-07-31 03:08:23.633] [DISPLAY] [Main ] [gamepipemtl] Command 12 received, 0 param(s).
[2024-07-31 03:08:53.855] [DISPLAY] [Main ] [gamepipemtl] Received command from another instance.
[2024-07-31 03:08:53.855] [DISPLAY] [Main ] [gamepipemtl] Command 12 received, 0 param(s).
[2024-07-31 03:09:24.158] [DISPLAY] [Main ] [gamepipemtl] Received command from another instance.
[2024-07-31 03:09:24.158] [DISPLAY] [Main ] [gamepipemtl] Command 12 received, 0 param(s).
[2024-07-31 03:09:54.369] [DISPLAY] [Main ] [gamepipemtl] Received command from another instance.
[2024-07-31 03:09:54.369] [DISPLAY] [Main ] [gamepipemtl] Command 12 received, 0 param(s).
[2024-07-31 03:10:24.661] [DISPLAY] [Main ] [gamepipemtl] Received command from another instance.
[2024-07-31 03:10:24.661] [DISPLAY] [Main ] [gamepipemtl] Command 12 received, 0 param(s).
[2024-07-31 03:10:54.865] [DISPLAY] [Main ] [gamepipemtl] Received command from another instance.
[2024-07-31 03:10:54.865] [DISPLAY] [Main ] [gamepipemtl] Command 12 received, 0 param(s).
[2024-07-31 03:11:25.103] [DISPLAY] [Main ] [gamepipemtl] Received command from another instance.
[2024-07-31 03:11:25.103] [DISPLAY] [Main ] [gamepipemtl] Command 12 received, 0 param(s).
[2024-07-31 03:11:55.312] [DISPLAY] [Main ] [gamepipemtl] Received command from another instance.
[2024-07-31 03:11:55.312] [DISPLAY] [Main ] [gamepipemtl] Command 12 received, 0 param(s).
[2024-07-31 03:12:25.548] [DISPLAY] [Main ] [gamepipemtl] Received command from another instance.
[2024-07-31 03:12:25.548] [DISPLAY] [Main ] [gamepipemtl] Command 12 received, 0 param(s).
[2024-07-31 03:12:55.752] [DISPLAY] [Main ] [gamepipemtl] Received command from another instance.
[2024-07-31 03:12:55.753] [DISPLAY] [Main ] [gamepipemtl] Command 12 received, 0 param(s).
[2024-07-31 03:13:25.974] [DISPLAY] [Main ] [gamepipemtl] Received command from another instance.
[2024-07-31 03:13:25.974] [DISPLAY] [Main ] [gamepipemtl] Command 12 received, 0 param(s).
[2024-07-31 03:13:56.231] [DISPLAY] [Main ] [gamepipemtl] Received command from another instance.
[2024-07-31 03:13:56.231] [DISPLAY] [Main ] [gamepipemtl] Command 12 received, 0 param(s).
[2024-07-31 03:14:26.472] [DISPLAY] [Main ] [gamepipemtl] Received command from another instance.
[2024-07-31 03:14:26.472] [DISPLAY] [Main ] [gamepipemtl] Command 12 received, 0 param(s).
[2024-07-31 03:14:56.769] [DISPLAY] [Main ] [gamepipemtl] Received command from another instance.
[2024-07-31 03:14:56.769] [DISPLAY] [Main ] [gamepipemtl] Command 12 received, 0 param(s).
[2024-07-31 03:15:26.980] [DISPLAY] [Main ] [gamepipemtl] Received command from another instance.
[2024-07-31 03:15:26.980] [DISPLAY] [Main ] [gamepipemtl] Command 12 received, 0 param(s).
[2024-07-31 03:15:57.196] [DISPLAY] [Main ] [gamepipemtl] Received command from another instance.
[2024-07-31 03:15:57.196] [DISPLAY] [Main ] [gamepipemtl] Command 12 received, 0 param(s).
[2024-07-31 03:16:27.463] [DISPLAY] [Main ] [gamepipemtl] Received command from another instance.
[2024-07-31 03:16:27.463] [DISPLAY] [Main ] [gamepipemtl] Command 12 received, 0 param(s).
[2024-07-31 03:16:57.673] [DISPLAY] [Main ] [gamepipemtl] Received command from another instance.
[2024-07-31 03:16:57.673] [DISPLAY] [Main ] [gamepipemtl] Command 12 received, 0 param(s).
[2024-07-31 03:17:27.972] [DISPLAY] [Main ] [gamepipemtl] Received command from another instance.
[2024-07-31 03:17:27.972] [DISPLAY] [Main ] [gamepipemtl] Command 12 received, 0 param(s).
[2024-07-31 03:17:58.181] [DISPLAY] [Main ] [gamepipemtl] Received command from another instance.
[2024-07-31 03:17:58.181] [DISPLAY] [Main ] [gamepipemtl] Command 12 received, 0 param(s).
[2024-07-31 03:18:28.436] [DISPLAY] [Main ] [gamepipemtl] Received command from another instance.
[2024-07-31 03:18:28.436] [DISPLAY] [Main ] [gamepipemtl] Command 12 received, 0 param(s).
[2024-07-31 03:18:58.737] [DISPLAY] [Main ] [gamepipemtl] Received command from another instance.
[2024-07-31 03:18:58.737] [DISPLAY] [Main ] [gamepipemtl] Command 12 received, 0 param(s).
[2024-07-31 03:19:29.024] [DISPLAY] [Main ] [gamepipemtl] Received command from another instance.
[2024-07-31 03:19:29.024] [DISPLAY] [Main ] [gamepipemtl] Command 12 received, 0 param(s).
[2024-07-31 03:19:59.272] [DISPLAY] [Main ] [gamepipemtl] Received command from another instance.
[2024-07-31 03:19:59.272] [DISPLAY] [Main ] [gamepipemtl] Command 12 received, 0 param(s).
[2024-07-31 03:20:29.575] [DISPLAY] [Main ] [gamepipemtl] Received command from another instance.
[2024-07-31 03:20:29.575] [DISPLAY] [Main ] [gamepipemtl] Command 12 received, 0 param(s).
[2024-07-31 03:20:59.783] [DISPLAY] [Main ] [gamepipemtl] Received command from another instance.
[2024-07-31 03:20:59.783] [DISPLAY] [Main ] [gamepipemtl] Command 12 received, 0 param(s).
[2024-07-31 03:21:29.986] [DISPLAY] [Main ] [gamepipemtl] Received command from another instance.
[2024-07-31 03:21:29.986] [DISPLAY] [Main ] [gamepipemtl] Command 12 received, 0 param(s).
[2024-07-31 03:22:00.253] [DISPLAY] [Main ] [gamepipemtl] Received command from another instance.
[2024-07-31 03:22:00.253] [DISPLAY] [Main ] [gamepipemtl] Command 12 received, 0 param(s).
[2024-07-31 03:22:30.555] [DISPLAY] [Main ] [gamepipemtl] Received command from another instance.
[2024-07-31 03:22:30.555] [DISPLAY] [Main ] [gamepipemtl] Command 12 received, 0 param(s).
[2024-07-31 03:23:00.766] [DISPLAY] [Main ] [gamepipemtl] Received command from another instance.
[2024-07-31 03:23:00.766] [DISPLAY] [Main ] [gamepipemtl] Command 12 received, 0 param(s).
[2024-07-31 03:23:31.069] [DISPLAY] [Main ] [gamepipemtl] Received command from another instance.
[2024-07-31 03:23:31.069] [DISPLAY] [Main ] [gamepipemtl] Command 12 received, 0 param(s).
[2024-07-31 03:24:01.329] [DISPLAY] [Main ] [gamepipemtl] Received command from another instance.
[2024-07-31 03:24:01.329] [DISPLAY] [Main ] [gamepipemtl] Command 12 received, 0 param(s).
[2024-07-31 03:24:31.535] [DISPLAY] [Main ] [gamepipemtl] Received command from another instance.
[2024-07-31 03:24:31.535] [DISPLAY] [Main ] [gamepipemtl] Command 12 received, 0 param(s).
[2024-07-31 03:25:01.745] [DISPLAY] [Main ] [gamepipemtl] Received command from another instance.
[2024-07-31 03:25:01.745] [DISPLAY] [Main ] [gamepipemtl] Command 12 received, 0 param(s).
[2024-07-31 03:25:32.045] [DISPLAY] [Main ] [gamepipemtl] Received command from another instance.
[2024-07-31 03:25:32.045] [DISPLAY] [Main ] [gamepipemtl] Command 12 received, 0 param(s).
[2024-07-31 03:26:02.276] [DISPLAY] [Main ] [gamepipemtl] Received command from another instance.
[2024-07-31 03:26:02.276] [DISPLAY] [Main ] [gamepipemtl] Command 12 received, 0 param(s).
[2024-07-31 03:26:32.499] [DISPLAY] [Main ] [gamepipemtl] Received command from another instance.
[2024-07-31 03:26:32.499] [DISPLAY] [Main ] [gamepipemtl] Command 12 received, 0 param(s).
[2024-07-31 03:27:02.802] [DISPLAY] [Main ] [gamepipemtl] Received command from another instance.
[2024-07-31 03:27:02.802] [DISPLAY] [Main ] [gamepipemtl] Command 12 received, 0 param(s).
[2024-07-31 03:27:33.012] [DISPLAY] [Main ] [gamepipemtl] Received command from another instance.
[2024-07-31 03:27:33.012] [DISPLAY] [Main ] [gamepipemtl] Command 12 received, 0 param(s).
[2024-07-31 03:28:03.290] [DISPLAY] [Main ] [gamepipemtl] Received command from another instance.
[2024-07-31 03:28:03.290] [DISPLAY] [Main ] [gamepipemtl] Command 12 received, 0 param(s).
[2024-07-31 03:28:33.504] [DISPLAY] [Main ] [gamepipemtl] Received command from another instance.
[2024-07-31 03:28:33.504] [DISPLAY] [Main ] [gamepipemtl] Command 12 received, 0 param(s).
[2024-07-31 03:29:03.766] [DISPLAY] [Main ] [gamepipemtl] Received command from another instance.
[2024-07-31 03:29:03.766] [DISPLAY] [Main ] [gamepipemtl] Command 12 received, 0 param(s).
[2024-07-31 03:29:34.024] [DISPLAY] [Main ] [gamepipemtl] Received command from another instance.
[2024-07-31 03:29:34.024] [DISPLAY] [Main ] [gamepipemtl] Command 12 received, 0 param(s).
[2024-07-31 03:30:04.254] [DISPLAY] [Main ] [gamepipemtl] Received command from another instance.
[2024-07-31 03:30:04.254] [DISPLAY] [Main ] [gamepipemtl] Command 12 received, 0 param(s).
[2024-07-31 03:30:34.474] [DISPLAY] [Main ] [gamepipemtl] Received command from another instance.
[2024-07-31 03:30:34.474] [DISPLAY] [Main ] [gamepipemtl] Command 12 received, 0 param(s).
[2024-07-31 03:31:04.767] [DISPLAY] [Main ] [gamepipemtl] Received command from another instance.
[2024-07-31 03:31:04.767] [DISPLAY] [Main ] [gamepipemtl] Command 12 received, 0 param(s).
[2024-07-31 03:31:35.065] [DISPLAY] [Main ] [gamepipemtl] Received command from another instance.
[2024-07-31 03:31:35.065] [DISPLAY] [Main ] [gamepipemtl] Command 12 received, 0 param(s).
[2024-07-31 03:32:05.366] [DISPLAY] [Main ] [gamepipemtl] Received command from another instance.
[2024-07-31 03:32:05.366] [DISPLAY] [Main ] [gamepipemtl] Command 12 received, 0 param(s).
[2024-07-31 03:32:35.601] [DISPLAY] [Main ] [gamepipemtl] Received command from another instance.
[2024-07-31 03:32:35.601] [DISPLAY] [Main ] [gamepipemtl] Command 12 received, 0 param(s).
[2024-07-31 03:33:05.802] [DISPLAY] [Main ] [gamepipemtl] Received command from another instance.
[2024-07-31 03:33:05.802] [DISPLAY] [Main ] [gamepipemtl] Command 12 received, 0 param(s).
[2024-07-31 03:33:36.103] [DISPLAY] [Main ] [gamepipemtl] Received command from another instance.
[2024-07-31 03:33:36.103] [DISPLAY] [Main ] [gamepipemtl] Command 12 received, 0 param(s).
[2024-07-31 03:34:06.394] [DISPLAY] [Main ] [gamepipemtl] Received command from another instance.
[2024-07-31 03:34:06.394] [DISPLAY] [Main ] [gamepipemtl] Command 12 received, 0 param(s).
[2024-07-31 03:34:36.615] [DISPLAY] [Main ] [gamepipemtl] Received command from another instance.
[2024-07-31 03:34:36.615] [DISPLAY] [Main ] [gamepipemtl] Command 12 received, 0 param(s).
[2024-07-31 03:35:06.892] [DISPLAY] [Main ] [gamepipemtl] Received command from another instance.
[2024-07-31 03:35:06.892] [DISPLAY] [Main ] [gamepipemtl] Command 12 received, 0 param(s).
[2024-07-31 03:35:37.188] [DISPLAY] [Main ] [gamepipemtl] Received command from another instance.
[2024-07-31 03:35:37.188] [DISPLAY] [Main ] [gamepipemtl] Command 12 received, 0 param(s).
[2024-07-31 03:36:07.480] [DISPLAY] [Main ] [gamepipemtl] Received command from another instance.
[2024-07-31 03:36:07.480] [DISPLAY] [Main ] [gamepipemtl] Command 12 received, 0 param(s).
[2024-07-31 03:36:37.781] [DISPLAY] [Main ] [gamepipemtl] Received command from another instance.
[2024-07-31 03:36:37.781] [DISPLAY] [Main ] [gamepipemtl] Command 12 received, 0 param(s).
[2024-07-31 03:37:08.082] [DISPLAY] [Main ] [gamepipemtl] Received command from another instance.
[2024-07-31 03:37:08.082] [DISPLAY] [Main ] [gamepipemtl] Command 12 received, 0 param(s).
[2024-07-31 03:37:38.348] [DISPLAY] [Main ] [gamepipemtl] Received command from another instance.
[2024-07-31 03:37:38.348] [DISPLAY] [Main ] [gamepipemtl] Command 12 received, 0 param(s).
[2024-07-31 03:38:08.558] [DISPLAY] [Main ] [gamepipemtl] Received command from another instance.
[2024-07-31 03:38:08.558] [DISPLAY] [Main ] [gamepipemtl] Command 12 received, 0 param(s).
[2024-07-31 03:38:38.844] [DISPLAY] [Main ] [gamepipemtl] Received command from another instance.
[2024-07-31 03:38:38.844] [DISPLAY] [Main ] [gamepipemtl] Command 12 received, 0 param(s).
[2024-07-31 03:39:09.054] [DISPLAY] [Main ] [gamepipemtl] Received command from another instance.
[2024-07-31 03:39:09.054] [DISPLAY] [Main ] [gamepipemtl] Command 12 received, 0 param(s).
[2024-07-31 03:39:39.277] [DISPLAY] [Main ] [gamepipemtl] Received command from another instance.
[2024-07-31 03:39:39.277] [DISPLAY] [Main ] [gamepipemtl] Command 12 received, 0 param(s).
[2024-07-31 03:40:09.479] [DISPLAY] [Main ] [gamepipemtl] Received command from another instance.
[2024-07-31 03:40:09.479] [DISPLAY] [Main ] [gamepipemtl] Command 12 received, 0 param(s).
[2024-07-31 03:40:39.725] [DISPLAY] [Main ] [gamepipemtl] Received command from another instance.
[2024-07-31 03:40:39.725] [DISPLAY] [Main ] [gamepipemtl] Command 12 received, 0 param(s).
[2024-07-31 03:41:09.958] [DISPLAY] [Main ] [gamepipemtl] Received command from another instance.
[2024-07-31 03:41:09.958] [DISPLAY] [Main ] [gamepipemtl] Command 12 received, 0 param(s).
[2024-07-31 03:41:40.171] [DISPLAY] [Main ] [gamepipemtl] Received command from another instance.
[2024-07-31 03:41:40.171] [DISPLAY] [Main ] [gamepipemtl] Command 12 received, 0 param(s).
[2024-07-31 03:42:10.394] [DISPLAY] [Main ] [gamepipemtl] Received command from another instance.
[2024-07-31 03:42:10.394] [DISPLAY] [Main ] [gamepipemtl] Command 12 received, 0 param(s).
[2024-07-31 03:42:40.685] [DISPLAY] [Main ] [gamepipemtl] Received command from another instance.
[2024-07-31 03:42:40.685] [DISPLAY] [Main ] [gamepipemtl] Command 12 received, 0 param(s).
[2024-07-31 03:43:10.896] [DISPLAY] [Main ] [gamepipemtl] Received command from another instance.
[2024-07-31 03:43:10.896] [DISPLAY] [Main ] [gamepipemtl] Command 12 received, 0 param(s).
[2024-07-31 03:43:41.101] [DISPLAY] [Main ] [gamepipemtl] Received command from another instance.
[2024-07-31 03:43:41.101] [DISPLAY] [Main ] [gamepipemtl] Command 12 received, 0 param(s).
[2024-07-31 03:44:11.304] [DISPLAY] [Main ] [gamepipemtl] Received command from another instance.
[2024-07-31 03:44:11.304] [DISPLAY] [Main ] [gamepipemtl] Command 12 received, 0 param(s).
[2024-07-31 03:44:41.513] [DISPLAY] [Main ] [gamepipemtl] Received command from another instance.
[2024-07-31 03:44:41.513] [DISPLAY] [Main ] [gamepipemtl] Command 12 received, 0 param(s).
[2024-07-31 03:45:11.723] [DISPLAY] [Main ] [gamepipemtl] Received command from another instance.
[2024-07-31 03:45:11.723] [DISPLAY] [Main ] [gamepipemtl] Command 12 received, 0 param(s).
[2024-07-31 03:45:35.118] [DISPLAY] [Main ] [gamepipemtl] Received command from another instance.
[2024-07-31 03:45:35.118] [DISPLAY] [Main ] [gamepipemtl] Command 13 received, 0 param(s).
