[2024-07-29 23:18:54.601] [DISPLAY] [Main ] [sysinfo] OS Version: Major: 10 Minor: 0 Build: 22631 Service Pack: 
[2024-07-29 23:18:54.619] [DISPLAY] [Main ] [launcher] Opening log file.
[2024-07-29 23:18:54.621] [DISPLAY] [Main ] [main] Command line: "D:\Launcher\Launcher.exe" -skipPatcherCheck -epicAppId=gta5  -AUTH_LOGIN=unused -AUTH_PASSWORD=c5b2e8ae8e1143aa99828c6d81022a89 -AUTH_TYPE=exchangecode -epicapp=9d2d0eb64d5c44529cece33fe2a46482 -epicenv=Prod -EpicPortal -epicusername="Cornetin76" -epicuserid=7e36e32762c84dc09bd5703990d167b1 -epiclocale=es-MX -epicsandboxid=0584d2013f0149a791e7b9bad0eec102 -rlrosDomainEnv=prod @args.txt
[2024-07-29 23:18:54.621] [DISPLAY] [Main ] [main] P4 Version: Change 45867953
[2024-07-29 23:18:54.621] [DISPLAY] [Main ] [main] RGL Branch: release_07
[2024-07-29 23:18:54.621] [DISPLAY] [Main ] [main] Version: 1.0.92.2003
[2024-07-29 23:18:54.621] [DISPLAY] [Main ] [main] Parameters:
[2024-07-29 23:18:54.621] [DISPLAY] [Main ] [main]     D:\Launcher\Launcher.exe
[2024-07-29 23:18:54.621] [DISPLAY] [Main ] [main]     -skipPatcherCheck
[2024-07-29 23:18:54.621] [DISPLAY] [Main ] [main]     -epicAppId=gta5
[2024-07-29 23:18:54.621] [DISPLAY] [Main ] [main]     -AUTH_LOGIN=unused
[2024-07-29 23:18:54.621] [DISPLAY] [Main ] [main]     -AUTH_PASSWORD=c5b2e8ae8e1143aa99828c6d81022a89
[2024-07-29 23:18:54.621] [DISPLAY] [Main ] [main]     -AUTH_TYPE=exchangecode
[2024-07-29 23:18:54.621] [DISPLAY] [Main ] [main]     -epicapp=9d2d0eb64d5c44529cece33fe2a46482
[2024-07-29 23:18:54.621] [DISPLAY] [Main ] [main]     -epicenv=Prod
[2024-07-29 23:18:54.621] [DISPLAY] [Main ] [main]     -EpicPortal
[2024-07-29 23:18:54.621] [DISPLAY] [Main ] [main]     -epicusername=Cornetin76
[2024-07-29 23:18:54.621] [DISPLAY] [Main ] [main]     -epicuserid=7e36e32762c84dc09bd5703990d167b1
[2024-07-29 23:18:54.621] [DISPLAY] [Main ] [main]     -epiclocale=es-MX
[2024-07-29 23:18:54.621] [DISPLAY] [Main ] [main]     -epicsandboxid=0584d2013f0149a791e7b9bad0eec102
[2024-07-29 23:18:54.621] [DISPLAY] [Main ] [main]     -rlrosDomainEnv=prod
[2024-07-29 23:18:54.621] [DISPLAY] [Main ] [main]     @args.txt
[2024-07-29 23:18:54.621] [DISPLAY] [Main ] [main] Initial Working Directory: D:\GTAV
[2024-07-29 23:18:54.621] [DISPLAY] [Main ] [main] Working directory: D:\Launcher
[2024-07-29 23:18:54.648] [DISPLAY] [Main ] [minmode] Running in Epic mode.
[2024-07-29 23:18:54.648] [DISPLAY] [Main ] [minmode] Title Id: gta5
[2024-07-29 23:18:54.648] [DISPLAY] [Main ] [minmode] Location: D:\GTAV
[2024-07-29 23:18:54.672] [DISPLAY] [Main ] [titlemanager] Installed titles:
[2024-07-29 23:18:54.672] [DISPLAY] [Main ] [titlemanager]  Title                             Progress               Version              Location                                                    
[2024-07-29 23:18:54.672] [DISPLAY] [Main ] [preqmanager] Could not get preq list from disk; no preqs known to be installed.
[2024-07-29 23:18:54.677] [DISPLAY] [Main ] [svc] Service version: 1.0.92.2003 (1.0.92.2003)
[2024-07-29 23:18:54.729] [DISPLAY] [Main ] [fileutils] Version: 2.3.3.1 | 1.0.92.2003 | FFP
[2024-07-29 23:18:54.743] [DISPLAY] [Workr] [selfupdate] Up-to-date.
[2024-07-29 23:18:55.550] [DISPLAY] [bgsvc] [svc] Received response from service.
[2024-07-29 23:18:55.828] [DISPLAY] [Main ] [systemtray] System tray: enabled
[2024-07-29 23:18:55.843] [DISPLAY] [Main ] [launcher] Passed check: majorVersion(10.0.22631) >= 10
[2024-07-29 23:18:55.847] [DISPLAY] [Workr] [idownloader] Starting download of 'https://gamedownloads-rockstargames-com.akamaized.net/public/launcher_online_config.xml'
[2024-07-29 23:18:56.011] [DISPLAY] [Workr] [idownloader] Completed download of 'https://gamedownloads-rockstargames-com.akamaized.net/public/launcher_online_config.xml' (status: 0/200)
[2024-07-29 23:18:56.011] [DISPLAY] [Workr] [titlemanager] Downloading title list...
[2024-07-29 23:18:56.011] [DISPLAY] [Workr] [titlemanager] Downloading default title list (SCS)...
[2024-07-29 23:18:56.011] [DISPLAY] [Workr] [idownloader] Starting download of 'https://rgl-prod.ros.rockstargames.com/launcher/11/LauncherServices/App.asmx/GetDefaultApps?accessToken='
[2024-07-29 23:18:56.969] [DISPLAY] [Workr] [idownloader] Completed download of 'https://rgl-prod.ros.rockstargames.com/launcher/11/LauncherServices/App.asmx/GetDefaultApps?accessToken=' (status: 0/200)
[2024-07-29 23:18:56.969] [DISPLAY] [Workr] [titlemanager] Title list updated.
[2024-07-29 23:18:56.969] [DISPLAY] [Workr] [launcher] Checking for self-update...
[2024-07-29 23:18:56.973] [DISPLAY] [Workr] [statuschecker] Title Rockstar Games Launcher: No update
[2024-07-29 23:18:56.973] [DISPLAY] [Workr] [selfupdate] Updating launcher...
[2024-07-29 23:18:56.974] [DISPLAY] [Workr] [titleupdater] Installing prerequisites for title launcher
[2024-07-29 23:18:56.985] [DISPLAY] [Workr] [preqmanager] Installer version: 2.3.3.1
[2024-07-29 23:18:56.985] [DISPLAY] [Workr] [preqmanager] About to launch process: D:\Launcher\Redistributables\SocialClub\Social-Club-Setup.exe (with commandline: /silent /forceinstall)
[2024-07-29 23:19:04.965] [DISPLAY] [Workr] [title] Current version for title [pv] Rockstar Games Launcher : 1.0.92.2003
[2024-07-29 23:19:04.987] [DISPLAY] [Workr] [title] Installed launcher version in registry updated: 1.0.92.2003_S7_R2 -> 1.0.92.2003
[2024-07-29 23:19:04.987] [DISPLAY] [Workr] [titleupdater] Rockstar Games Launcher is up-to-date.
[2024-07-29 23:19:05.011] [DISPLAY] [Workr] [launcher] No self-update, continuing.
[2024-07-29 23:19:05.011] [DISPLAY] [Workr] [launcher] Checking for prerequisite updates...
[2024-07-29 23:19:05.012] [DISPLAY] [Workr] [preqmanager] The Social Club version available matches that currently installed (both: 2.3.3.1)
[2024-07-29 23:19:05.012] [DISPLAY] [Workr] [titleupdater] No prerequisites to install.
[2024-07-29 23:19:05.012] [DISPLAY] [Workr] [launcher] Checking minimum SDK requirement
[2024-07-29 23:19:05.133] [DISPLAY] [Workr] [launcher] Completed Social Club Pre-initialization tasks
[2024-07-29 23:19:08.987] [DISPLAY] [Main ] [launcher] Social Club UI has started.
[2024-07-29 23:19:08.988] [DISPLAY] [Main ] [external] Notifying Social Club UI about external launch...
[2024-07-29 23:19:08.988] [DISPLAY] [Admin] [external] Setting up Epic title...
[2024-07-29 23:19:08.990] [DISPLAY] [Admin] [metadatamanager] Read external Epic metadata: gta5
[2024-07-29 23:19:10.650] [DISPLAY] [Main ] [launcher] Time to start up: 16093 ms
[2024-07-29 23:19:10.653] [DISPLAY] [Main ] [ui_mainwindow] Using DPI 120,120
[2024-07-29 23:19:10.653] [DISPLAY] [Main ] [ui_mainwindow] Using UI Scale: 1.25
[2024-07-29 23:19:10.653] [DISPLAY] [Main ] [ui_mainwindow] Centering on monitor: 160,135 (1600 x 750)
[2024-07-29 23:19:10.677] [DISPLAY] [Main ] [systemtray] System tray: enabled
[2024-07-29 23:19:12.916] [DISPLAY] [Main ] [launcher] OnEpicEvent :: 0 received
[2024-07-29 23:19:14.006] [DISPLAY] [Admin] [external] Epic ownership request indicated valid entitlement of at least once audience
[2024-07-29 23:19:14.020] [DISPLAY] [Admin] [external] Ready to attempt a launch.
[2024-07-29 23:19:17.313] [DISPLAY] [Main ] [launcher] Presence Event - Signed In
[2024-07-29 23:19:17.313] [DISPLAY] [Main ] [launcher] User 'CaezonTulio' is now signed in
[2024-07-29 23:19:17.327] [WARNING] [Main ] [settingsmanager] Couldn't read settings file C:\Users\plugs\Documents\Rockstar Games\Launcher\Profiles\C2E82406\settings_account.dat; using defaults.
[2024-07-29 23:19:17.327] [DISPLAY] [Main ] [launcher] Presence Event :: Went Online
[2024-07-29 23:19:17.327] [DISPLAY] [Main ] [external] Preparing to update/launch...
[2024-07-29 23:19:17.327] [DISPLAY] [Admin] [titlemanager] Downloading title list...
[2024-07-29 23:19:17.327] [DISPLAY] [Admin] [titlemanager] Downloading title list (SCS)...
[2024-07-29 23:19:17.510] [DISPLAY] [Main ] [scuicallbacks] Enabling Downloading
[2024-07-29 23:19:17.543] [DISPLAY] [Main ] [launcher] Friend Event - Friends are Available
[2024-07-29 23:19:18.015] [DISPLAY] [Main ] [scuicallbacks] Setting updated
[2024-07-29 23:19:18.015] [DISPLAY] [Main ] [scuicallbacks] Launch requested
[2024-07-29 23:19:18.015] [DISPLAY] [Main ] [scuicallbacks] Launch requested by user: gta5, 
[2024-07-29 23:19:18.015] [DISPLAY] [Main ] [external] Attempting external title launch...
[2024-07-29 23:19:18.886] [DISPLAY] [Admin] [titlemanager] Title list updated.
[2024-07-29 23:19:18.887] [DISPLAY] [Admin] [external] Ready to attempt a launch.
[2024-07-29 23:19:19.123] [DISPLAY] [19108] [gamelaunch] RGL is up to date (current: 1.0.92.2003, minimum: 1.0.90.1944)
[2024-07-29 23:19:19.123] [DISPLAY] [19108] [gamelaunch] Grand Theft Auto V is up to date (current: 1.0.3274.0, minimum: 1.0.1868.0)
[2024-07-29 23:19:21.563] [DISPLAY] [Admin] [titlemanager] Downloading title list...
[2024-07-29 23:19:21.563] [DISPLAY] [Admin] [titlemanager] Downloading title list (SCS)...
[2024-07-29 23:19:23.264] [DISPLAY] [Admin] [titlemanager] Title list updated.
[2024-07-29 23:19:25.186] [DISPLAY] [Main ] [cloudsaveop] Cloud Save sync requested for title 'gta5'
[2024-07-29 23:19:25.204] [DISPLAY] [Main ] [cloudsaveop] Starting cloud save enabled check for title 'gta5'
[2024-07-29 23:19:25.211] [DISPLAY] [Main ] [cloudsaveop] Received cloud saves enabled state for title 'gta5' = enabled
[2024-07-29 23:19:25.211] [DISPLAY] [Main ] [cloudsaveop] Identifying potential cloud save conflicts for title 'gta5'
[2024-07-29 23:19:26.194] [DISPLAY] [Main ] [cloudsaveop] Received modification list of cloud save files for title 'gta5'
[2024-07-29 23:19:26.194] [DISPLAY] [Main ] [cloudsaveop] Retrieving conflict metadata for title 'gta5'
[2024-07-29 23:19:26.212] [DISPLAY] [Main ] [cloudsaveop] Downloaded conflict metadata for title 'gta5'
[2024-07-29 23:19:26.212] [DISPLAY] [Main ] [cloudsaveop] Posting updated files for title 'gta5'
[2024-07-29 23:19:26.228] [DISPLAY] [Main ] [cloudsaveop] File uploading completed for title 'gta5'
[2024-07-29 23:19:26.228] [DISPLAY] [Main ] [cloudsaveop] Getting update files for title 'gta5'
[2024-07-29 23:19:26.245] [DISPLAY] [Main ] [cloudsaveop] File downloading completed for title 'gta5'
[2024-07-29 23:19:26.245] [DISPLAY] [Main ] [cloudsaveop] Deleting updated files for title 'gta5'
[2024-07-29 23:19:26.262] [DISPLAY] [Main ] [cloudsaveop] Files deletion completed for title 'gta5'
[2024-07-29 23:19:26.262] [DISPLAY] [Main ] [cloudsaveop] Swapping updated files in place for title 'gta5'
[2024-07-29 23:19:26.280] [DISPLAY] [Main ] [cloudsaveop] Finished syncing cloud saves for title 'gta5'
[2024-07-29 23:19:26.317] [DISPLAY] [net4 ] [audio] Valid Audio Device: true
[2024-07-29 23:19:27.866] [DISPLAY] [19108] [gamelaunch] Launching game...
[2024-07-29 23:19:27.866] [DISPLAY] [19108] [gamelaunch]  Path: D:\GTAV\GTA5.exe
[2024-07-29 23:19:27.866] [DISPLAY] [19108] [gamelaunch]  Command Line: "D:\GTAV\GTA5.exe" -skipPatcherCheck -epicAppId=gta5 -AUTH_LOGIN=unused -AUTH_PASSWORD=c5b2e8ae8e1143aa99828c6d81022a89 -AUTH_TYPE=exchangecode -epicapp=9d2d0eb64d5c44529cece33fe2a46482 -epicenv=Prod -EpicPortal -epicusername=Cornetin76 -epicuserid=7e36e32762c84dc09bd5703990d167b1 -epiclocale=es-MX -epicsandboxid=0584d2013f0149a791e7b9bad0eec102 -rlrosDomainEnv=prod @args.txt @commandline.txt -enableCrashpad -useEpic -scCommerceProvider=4 -rglLanguage=es-MX
[2024-07-29 23:19:27.866] [DISPLAY] [19108] [gamelaunch]  Working Directory: D:\GTAV
[2024-07-29 23:19:51.528] [DISPLAY] [19108] [gamelaunch] Game exited with code 0x1 (1)
[2024-07-29 23:19:51.528] [DISPLAY] [19108] [crashdetection] Game left no exit file.
[2024-07-29 23:19:51.528] [ ERROR ] [19108] [crashdetection] Exit code 0x1 indicates an unexpected game termination
[2024-07-29 23:19:51.600] [DISPLAY] [Main ] [cloudsaveop] Cloud Save sync requested for title 'gta5'
[2024-07-29 23:19:51.617] [DISPLAY] [Main ] [cloudsaveop] Starting cloud save enabled check for title 'gta5'
[2024-07-29 23:19:51.619] [DISPLAY] [Main ] [cloudsaveop] Received cloud saves enabled state for title 'gta5' = enabled
[2024-07-29 23:19:51.619] [DISPLAY] [Main ] [cloudsaveop] Identifying potential cloud save conflicts for title 'gta5'
[2024-07-29 23:19:52.531] [DISPLAY] [Main ] [cloudsaveop] Received modification list of cloud save files for title 'gta5'
[2024-07-29 23:19:52.531] [DISPLAY] [Main ] [cloudsaveop] Retrieving conflict metadata for title 'gta5'
[2024-07-29 23:19:52.547] [DISPLAY] [Main ] [cloudsaveop] Downloaded conflict metadata for title 'gta5'
[2024-07-29 23:19:52.547] [DISPLAY] [Main ] [cloudsaveop] Posting updated files for title 'gta5'
[2024-07-29 23:19:52.564] [DISPLAY] [Main ] [cloudsaveop] File uploading completed for title 'gta5'
[2024-07-29 23:19:52.564] [DISPLAY] [Main ] [cloudsaveop] Getting update files for title 'gta5'
[2024-07-29 23:19:52.581] [DISPLAY] [Main ] [cloudsaveop] File downloading completed for title 'gta5'
[2024-07-29 23:19:52.581] [DISPLAY] [Main ] [cloudsaveop] Deleting updated files for title 'gta5'
[2024-07-29 23:19:52.599] [DISPLAY] [Main ] [cloudsaveop] Files deletion completed for title 'gta5'
[2024-07-29 23:19:52.599] [DISPLAY] [Main ] [cloudsaveop] Swapping updated files in place for title 'gta5'
[2024-07-29 23:19:52.617] [DISPLAY] [Main ] [cloudsaveop] Finished syncing cloud saves for title 'gta5'
[2024-07-29 23:19:53.875] [DISPLAY] [19108] [launcher] Shutdown requested! Forced: false
[2024-07-29 23:19:53.875] [DISPLAY] [Main ] [launcher] StartShutdown - Now in progress
[2024-07-29 23:19:53.882] [DISPLAY] [Main ] [sysinfo] Drive C:\ has 119.52 GB free, 237.36 GB total
[2024-07-29 23:19:53.882] [DISPLAY] [Main ] [sysinfo] Drive D:\ has 582.70 GB free, 931.51 GB total
[2024-07-29 23:19:53.914] [DISPLAY] [Main ] [sysinfo] Drive C:\ has 119.52 GB free, 237.36 GB total
[2024-07-29 23:19:53.915] [DISPLAY] [Main ] [sysinfo] Drive D:\ has 582.70 GB free, 931.51 GB total
[2024-07-29 23:19:55.887] [DISPLAY] [Main ] [app] Application quit requested (exit code: 0)
[2024-07-29 23:19:55.912] [DISPLAY] [Main ] [svc] Stopping the background service.
